{"/home/travis/build/npmtest/node-npmtest-twilio/test.js":{"path":"/home/travis/build/npmtest/node-npmtest-twilio/test.js","s":{"1":2,"2":2,"3":2,"4":2,"5":2,"6":2,"7":2,"8":1,"9":2,"10":2,"11":1,"12":1,"13":1,"14":1,"15":2,"16":2,"17":2,"18":2,"19":1,"20":1,"21":2,"22":2,"23":2,"24":1,"25":1,"26":1,"27":1,"28":1,"29":1,"30":1,"31":1,"32":1,"33":1,"34":1,"35":1,"36":1,"37":2,"38":2,"39":1,"40":2,"41":2,"42":1,"43":2,"44":2,"45":1,"46":2,"47":2,"48":1,"49":1,"50":1,"51":1,"52":1},"b":{"1":[2,1,1,1],"2":[1,1,1,1],"3":[1,1],"4":[1,1],"5":[1,1],"6":[1,1],"7":[1,1],"8":[1,1],"9":[1,1,1],"10":[1,1],"11":[1,1],"12":[1,1],"13":[1,1],"14":[1,1],"15":[1,1],"16":[1,1]},"f":{"1":2,"2":2,"3":2,"4":2,"5":2,"6":1,"7":1,"8":2,"9":2,"10":2,"11":2,"12":1},"fnMap":{"1":{"name":"(anonymous_1)","line":12,"loc":{"start":{"line":12,"column":1},"end":{"line":12,"column":13}}},"2":{"name":"(anonymous_2)","line":19,"loc":{"start":{"line":19,"column":5},"end":{"line":19,"column":17}}},"3":{"name":"(anonymous_3)","line":23,"loc":{"start":{"line":23,"column":24},"end":{"line":23,"column":36}}},"4":{"name":"(anonymous_4)","line":61,"loc":{"start":{"line":61,"column":5},"end":{"line":61,"column":17}}},"5":{"name":"(anonymous_5)","line":82,"loc":{"start":{"line":82,"column":5},"end":{"line":82,"column":17}}},"6":{"name":"(anonymous_6)","line":102,"loc":{"start":{"line":102,"column":83},"end":{"line":105,"column":10}},"skip":true},"7":{"name":"(anonymous_7)","line":113,"loc":{"start":{"line":113,"column":77},"end":{"line":116,"column":10}},"skip":true},"8":{"name":"(anonymous_8)","line":129,"loc":{"start":{"line":129,"column":12},"end":{"line":129,"column":40}},"skip":true},"9":{"name":"(anonymous_9)","line":137,"loc":{"start":{"line":137,"column":77},"end":{"line":140,"column":10}},"skip":true},"10":{"name":"(anonymous_10)","line":148,"loc":{"start":{"line":148,"column":83},"end":{"line":151,"column":10}},"skip":true},"11":{"name":"(anonymous_11)","line":159,"loc":{"start":{"line":159,"column":79},"end":{"line":162,"column":10}},"skip":true},"12":{"name":"(anonymous_12)","line":170,"loc":{"start":{"line":170,"column":75},"end":{"line":173,"column":10}},"skip":true}},"statementMap":{"1":{"start":{"line":12,"column":0},"end":{"line":185,"column":5}},"2":{"start":{"line":14,"column":4},"end":{"line":14,"column":14}},"3":{"start":{"line":19,"column":4},"end":{"line":56,"column":9}},"4":{"start":{"line":21,"column":8},"end":{"line":21,"column":19}},"5":{"start":{"line":23,"column":8},"end":{"line":35,"column":13}},"6":{"start":{"line":24,"column":12},"end":{"line":34,"column":13}},"7":{"start":{"line":25,"column":16},"end":{"line":28,"column":30}},"8":{"start":{"line":30,"column":16},"end":{"line":33,"column":27}},"9":{"start":{"line":37,"column":8},"end":{"line":39,"column":21}},"10":{"start":{"line":40,"column":8},"end":{"line":53,"column":9}},"11":{"start":{"line":43,"column":12},"end":{"line":46,"column":14}},"12":{"start":{"line":47,"column":12},"end":{"line":47,"column":18}},"13":{"start":{"line":50,"column":12},"end":{"line":51,"column":46}},"14":{"start":{"line":52,"column":12},"end":{"line":52,"column":18}},"15":{"start":{"line":55,"column":8},"end":{"line":55,"column":35}},"16":{"start":{"line":61,"column":4},"end":{"line":63,"column":9}},"17":{"start":{"line":62,"column":8},"end":{"line":62,"column":15}},"18":{"start":{"line":64,"column":4},"end":{"line":77,"column":5}},"19":{"start":{"line":70,"column":8},"end":{"line":70,"column":14}},"20":{"start":{"line":76,"column":8},"end":{"line":76,"column":14}},"21":{"start":{"line":82,"column":4},"end":{"line":84,"column":9}},"22":{"start":{"line":83,"column":8},"end":{"line":83,"column":15}},"23":{"start":{"line":85,"column":4},"end":{"line":184,"column":5}},"24":{"start":{"line":92,"column":8},"end":{"line":94,"column":63}},"25":{"start":{"line":95,"column":8},"end":{"line":95,"column":14}},"26":{"start":{"line":102,"column":8},"end":{"line":111,"column":10},"skip":true},"27":{"start":{"line":109,"column":12},"end":{"line":109,"column":55},"skip":true},"28":{"start":{"line":110,"column":12},"end":{"line":110,"column":48},"skip":true},"29":{"start":{"line":113,"column":8},"end":{"line":126,"column":10},"skip":true},"30":{"start":{"line":120,"column":12},"end":{"line":120,"column":76},"skip":true},"31":{"start":{"line":121,"column":12},"end":{"line":121,"column":73},"skip":true},"32":{"start":{"line":122,"column":12},"end":{"line":122,"column":74},"skip":true},"33":{"start":{"line":123,"column":12},"end":{"line":123,"column":79},"skip":true},"34":{"start":{"line":124,"column":12},"end":{"line":124,"column":25},"skip":true},"35":{"start":{"line":125,"column":12},"end":{"line":125,"column":45},"skip":true},"36":{"start":{"line":128,"column":8},"end":{"line":135,"column":14},"skip":true},"37":{"start":{"line":133,"column":16},"end":{"line":133,"column":29},"skip":true},"38":{"start":{"line":134,"column":16},"end":{"line":134,"column":55},"skip":true},"39":{"start":{"line":137,"column":8},"end":{"line":146,"column":10},"skip":true},"40":{"start":{"line":144,"column":12},"end":{"line":144,"column":25},"skip":true},"41":{"start":{"line":145,"column":12},"end":{"line":145,"column":45},"skip":true},"42":{"start":{"line":148,"column":8},"end":{"line":157,"column":10},"skip":true},"43":{"start":{"line":155,"column":12},"end":{"line":155,"column":25},"skip":true},"44":{"start":{"line":156,"column":12},"end":{"line":156,"column":48},"skip":true},"45":{"start":{"line":159,"column":8},"end":{"line":168,"column":10},"skip":true},"46":{"start":{"line":166,"column":12},"end":{"line":166,"column":25},"skip":true},"47":{"start":{"line":167,"column":12},"end":{"line":167,"column":46},"skip":true},"48":{"start":{"line":170,"column":8},"end":{"line":179,"column":10},"skip":true},"49":{"start":{"line":177,"column":12},"end":{"line":177,"column":94},"skip":true},"50":{"start":{"line":178,"column":12},"end":{"line":178,"column":48},"skip":true},"51":{"start":{"line":182,"column":8},"end":{"line":182,"column":35},"skip":true},"52":{"start":{"line":183,"column":8},"end":{"line":183,"column":14},"skip":true}},"branchMap":{"1":{"line":25,"type":"binary-expr","locations":[{"start":{"line":25,"column":23},"end":{"line":25,"column":62}},{"start":{"line":26,"column":20},"end":{"line":26,"column":70}},{"start":{"line":27,"column":20},"end":{"line":27,"column":71}},{"start":{"line":28,"column":20},"end":{"line":28,"column":29}}]},"2":{"line":30,"type":"binary-expr","locations":[{"start":{"line":30,"column":23},"end":{"line":30,"column":37}},{"start":{"line":31,"column":20},"end":{"line":31,"column":61}},{"start":{"line":32,"column":20},"end":{"line":32,"column":70}},{"start":{"line":33,"column":20},"end":{"line":33,"column":26}}]},"3":{"line":37,"type":"cond-expr","locations":[{"start":{"line":38,"column":14},"end":{"line":38,"column":20}},{"start":{"line":39,"column":14},"end":{"line":39,"column":20}}]},"4":{"line":40,"type":"switch","locations":[{"start":{"line":42,"column":8},"end":{"line":47,"column":18}},{"start":{"line":49,"column":8},"end":{"line":52,"column":18}}]},"5":{"line":44,"type":"binary-expr","locations":[{"start":{"line":44,"column":16},"end":{"line":44,"column":44}},{"start":{"line":44,"column":48},"end":{"line":44,"column":66}}]},"6":{"line":50,"type":"binary-expr","locations":[{"start":{"line":50,"column":21},"end":{"line":50,"column":49}},{"start":{"line":50,"column":53},"end":{"line":50,"column":72}}]},"7":{"line":64,"type":"switch","locations":[{"start":{"line":69,"column":4},"end":{"line":70,"column":14}},{"start":{"line":75,"column":4},"end":{"line":76,"column":14}}]},"8":{"line":85,"type":"switch","locations":[{"start":{"line":90,"column":4},"end":{"line":95,"column":14}},{"start":{"line":101,"column":4},"end":{"line":183,"column":14},"skip":true}]},"9":{"line":92,"type":"binary-expr","locations":[{"start":{"line":92,"column":18},"end":{"line":92,"column":32}},{"start":{"line":93,"column":12},"end":{"line":93,"column":53}},{"start":{"line":94,"column":12},"end":{"line":94,"column":61}}]},"10":{"line":102,"type":"binary-expr","locations":[{"start":{"line":102,"column":45},"end":{"line":102,"column":79},"skip":true},{"start":{"line":102,"column":83},"end":{"line":111,"column":9},"skip":true}]},"11":{"line":113,"type":"binary-expr","locations":[{"start":{"line":113,"column":42},"end":{"line":113,"column":73},"skip":true},{"start":{"line":113,"column":77},"end":{"line":126,"column":9},"skip":true}]},"12":{"line":128,"type":"binary-expr","locations":[{"start":{"line":128,"column":48},"end":{"line":128,"column":85},"skip":true},{"start":{"line":129,"column":12},"end":{"line":135,"column":13},"skip":true}]},"13":{"line":137,"type":"binary-expr","locations":[{"start":{"line":137,"column":42},"end":{"line":137,"column":73},"skip":true},{"start":{"line":137,"column":77},"end":{"line":146,"column":9},"skip":true}]},"14":{"line":148,"type":"binary-expr","locations":[{"start":{"line":148,"column":45},"end":{"line":148,"column":79},"skip":true},{"start":{"line":148,"column":83},"end":{"line":157,"column":9},"skip":true}]},"15":{"line":159,"type":"binary-expr","locations":[{"start":{"line":159,"column":43},"end":{"line":159,"column":75},"skip":true},{"start":{"line":159,"column":79},"end":{"line":168,"column":9},"skip":true}]},"16":{"line":170,"type":"binary-expr","locations":[{"start":{"line":170,"column":41},"end":{"line":170,"column":71},"skip":true},{"start":{"line":170,"column":75},"end":{"line":179,"column":9},"skip":true}]}},"code":["/* istanbul instrument in package npmtest_twilio */","/*jslint","    bitwise: true,","    browser: true,","    maxerr: 8,","    maxlen: 96,","    node: true,","    nomen: true,","    regexp: true,","    stupid: true","*/","(function () {","    'use strict';","    var local;","","","","    // run shared js-env code - pre-init","    (function () {","        // init local","        local = {};","        // init modeJs","        local.modeJs = (function () {","            try {","                return typeof navigator.userAgent === 'string' &&","                    typeof document.querySelector('body') === 'object' &&","                    typeof XMLHttpRequest.prototype.open === 'function' &&","                    'browser';","            } catch (errorCaughtBrowser) {","                return module.exports &&","                    typeof process.versions.node === 'string' &&","                    typeof require('http').createServer === 'function' &&","                    'node';","            }","        }());","        // init global","        local.global = local.modeJs === 'browser'","            ? window","            : global;","        switch (local.modeJs) {","        // re-init local from window.local","        case 'browser':","            local = local.global.utility2.objectSetDefault(","                local.global.utility2_rollup || local.global.local,","                local.global.utility2","            );","            break;","        // re-init local from example.js","        case 'node':","            local = (local.global.utility2_rollup || require('utility2'))","                .requireExampleJsFromReadme();","            break;","        }","        // export local","        local.global.local = local;","    }());","","","","    // run shared js-env code - function","    (function () {","        return;","    }());","    switch (local.modeJs) {","","","","    // run browser js-env code - function","    case 'browser':","        break;","","","","    // run node js-env code - function","    case 'node':","        break;","    }","","","","    // run shared js-env code - post-init","    (function () {","        return;","    }());","    switch (local.modeJs) {","","","","    // run browser js-env code - post-init","    case 'browser':","        // run tests","        local.nop(local.modeTest &&","            document.querySelector('#testRunButton1') &&","            document.querySelector('#testRunButton1').click());","        break;","","","","    // run node js-env code - post-init","    /* istanbul ignore next */","    case 'node':","        local.testCase_buildApidoc_default = local.testCase_buildApidoc_default || function (","            options,","            onError","        ) {","        /*","         * this function will test buildApidoc's default handling-behavior-behavior","         */","            options = { modulePathList: module.paths };","            local.buildApidoc(options, onError);","        };","","        local.testCase_buildApp_default = local.testCase_buildApp_default || function (","            options,","            onError","        ) {","        /*","         * this function will test buildApp's default handling-behavior-behavior","         */","            local.testCase_buildReadme_default(options, local.onErrorThrow);","            local.testCase_buildLib_default(options, local.onErrorThrow);","            local.testCase_buildTest_default(options, local.onErrorThrow);","            local.testCase_buildCustomOrg_default(options, local.onErrorThrow);","            options = [];","            local.buildApp(options, onError);","        };","","        local.testCase_buildCustomOrg_default = local.testCase_buildCustomOrg_default ||","            function (options, onError) {","            /*","             * this function will test buildCustomOrg's default handling-behavior","             */","                options = {};","                local.buildCustomOrg(options, onError);","            };","","        local.testCase_buildLib_default = local.testCase_buildLib_default || function (","            options,","            onError","        ) {","        /*","         * this function will test buildLib's default handling-behavior","         */","            options = {};","            local.buildLib(options, onError);","        };","","        local.testCase_buildReadme_default = local.testCase_buildReadme_default || function (","            options,","            onError","        ) {","        /*","         * this function will test buildReadme's default handling-behavior-behavior","         */","            options = {};","            local.buildReadme(options, onError);","        };","","        local.testCase_buildTest_default = local.testCase_buildTest_default || function (","            options,","            onError","        ) {","        /*","         * this function will test buildTest's default handling-behavior","         */","            options = {};","            local.buildTest(options, onError);","        };","","        local.testCase_webpage_default = local.testCase_webpage_default || function (","            options,","            onError","        ) {","        /*","         * this function will test webpage's default handling-behavior","         */","            options = { modeCoverageMerge: true, url: local.serverLocalHost + '?modeTest=1' };","            local.browserTest(options, onError);","        };","","        // run test-server","        local.testRunServer(local);","        break;","    }","}());",""],"l":{"12":2,"14":2,"19":2,"21":2,"23":2,"24":2,"25":2,"30":1,"37":2,"40":2,"43":1,"47":1,"50":1,"52":1,"55":2,"61":2,"62":2,"64":2,"70":1,"76":1,"82":2,"83":2,"85":2,"92":1,"95":1,"102":1,"109":1,"110":1,"113":1,"120":1,"121":1,"122":1,"123":1,"124":1,"125":1,"128":1,"133":2,"134":2,"137":1,"144":2,"145":2,"148":1,"155":2,"156":2,"159":1,"166":2,"167":2,"170":1,"177":1,"178":1,"182":1,"183":1}},"/home/travis/build/npmtest/node-npmtest-twilio/lib.npmtest_twilio.js":{"path":"/home/travis/build/npmtest/node-npmtest-twilio/lib.npmtest_twilio.js","s":{"1":2,"2":2,"3":2,"4":2,"5":2,"6":2,"7":2,"8":1,"9":2,"10":2,"11":2,"12":2,"13":1,"14":1,"15":1,"16":1},"b":{"1":[2,1,1,1],"2":[1,1,1,1],"3":[1,1],"4":[2,2],"5":[1,1]},"f":{"1":2,"2":2,"3":2},"fnMap":{"1":{"name":"(anonymous_1)","line":12,"loc":{"start":{"line":12,"column":1},"end":{"line":12,"column":13}}},"2":{"name":"(anonymous_2)","line":19,"loc":{"start":{"line":19,"column":5},"end":{"line":19,"column":17}}},"3":{"name":"(anonymous_3)","line":23,"loc":{"start":{"line":23,"column":24},"end":{"line":23,"column":36}}}},"statementMap":{"1":{"start":{"line":12,"column":0},"end":{"line":53,"column":5}},"2":{"start":{"line":14,"column":4},"end":{"line":14,"column":14}},"3":{"start":{"line":19,"column":4},"end":{"line":52,"column":9}},"4":{"start":{"line":21,"column":8},"end":{"line":21,"column":19}},"5":{"start":{"line":23,"column":8},"end":{"line":35,"column":13}},"6":{"start":{"line":24,"column":12},"end":{"line":34,"column":13}},"7":{"start":{"line":25,"column":16},"end":{"line":28,"column":30}},"8":{"start":{"line":30,"column":16},"end":{"line":33,"column":27}},"9":{"start":{"line":37,"column":8},"end":{"line":39,"column":21}},"10":{"start":{"line":41,"column":8},"end":{"line":41,"column":54}},"11":{"start":{"line":43,"column":8},"end":{"line":43,"column":51}},"12":{"start":{"line":45,"column":8},"end":{"line":51,"column":9}},"13":{"start":{"line":46,"column":12},"end":{"line":46,"column":57}},"14":{"start":{"line":48,"column":12},"end":{"line":48,"column":35}},"15":{"start":{"line":49,"column":12},"end":{"line":49,"column":49}},"16":{"start":{"line":50,"column":12},"end":{"line":50,"column":43}}},"branchMap":{"1":{"line":25,"type":"binary-expr","locations":[{"start":{"line":25,"column":23},"end":{"line":25,"column":62}},{"start":{"line":26,"column":20},"end":{"line":26,"column":70}},{"start":{"line":27,"column":20},"end":{"line":27,"column":71}},{"start":{"line":28,"column":20},"end":{"line":28,"column":29}}]},"2":{"line":30,"type":"binary-expr","locations":[{"start":{"line":30,"column":23},"end":{"line":30,"column":37}},{"start":{"line":31,"column":20},"end":{"line":31,"column":61}},{"start":{"line":32,"column":20},"end":{"line":32,"column":70}},{"start":{"line":33,"column":20},"end":{"line":33,"column":26}}]},"3":{"line":37,"type":"cond-expr","locations":[{"start":{"line":38,"column":14},"end":{"line":38,"column":20}},{"start":{"line":39,"column":14},"end":{"line":39,"column":20}}]},"4":{"line":41,"type":"binary-expr","locations":[{"start":{"line":41,"column":16},"end":{"line":41,"column":44}},{"start":{"line":41,"column":48},"end":{"line":41,"column":53}}]},"5":{"line":45,"type":"if","locations":[{"start":{"line":45,"column":8},"end":{"line":45,"column":8}},{"start":{"line":45,"column":8},"end":{"line":45,"column":8}}]}},"code":["/* istanbul instrument in package npmtest_twilio */","/*jslint","    bitwise: true,","    browser: true,","    maxerr: 8,","    maxlen: 96,","    node: true,","    nomen: true,","    regexp: true,","    stupid: true","*/","(function () {","    'use strict';","    var local;","","","","    // run shared js-env code - pre-init","    (function () {","        // init local","        local = {};","        // init modeJs","        local.modeJs = (function () {","            try {","                return typeof navigator.userAgent === 'string' &&","                    typeof document.querySelector('body') === 'object' &&","                    typeof XMLHttpRequest.prototype.open === 'function' &&","                    'browser';","            } catch (errorCaughtBrowser) {","                return module.exports &&","                    typeof process.versions.node === 'string' &&","                    typeof require('http').createServer === 'function' &&","                    'node';","            }","        }());","        // init global","        local.global = local.modeJs === 'browser'","            ? window","            : global;","        // init utility2_rollup","        local = local.global.utility2_rollup || local;","        // init lib","        local.local = local.npmtest_twilio = local;","        // init exports","        if (local.modeJs === 'browser') {","            local.global.utility2_npmtest_twilio = local;","        } else {","            module.exports = local;","            module.exports.__dirname = __dirname;","            module.exports.module = module;","        }","    }());","}());",""],"l":{"12":2,"14":2,"19":2,"21":2,"23":2,"24":2,"25":2,"30":1,"37":2,"41":2,"43":2,"45":2,"46":1,"48":1,"49":1,"50":1}},"/home/travis/build/npmtest/node-npmtest-twilio/example.js":{"path":"/home/travis/build/npmtest/node-npmtest-twilio/example.js","s":{"1":2,"2":2,"3":2,"4":2,"5":2,"6":2,"7":2,"8":1,"9":2,"10":2,"11":2,"12":2,"13":1,"14":2,"15":2,"16":2,"17":2,"18":2,"19":0,"20":2,"21":1,"22":1,"23":1,"24":1,"25":1,"26":0,"27":0,"28":1,"29":1,"30":2,"31":0,"32":0,"33":0,"34":1,"35":2,"36":2,"37":2,"38":2,"39":2,"40":2,"41":0,"42":2,"43":2,"44":2,"45":1,"46":3,"47":1,"48":1,"49":1,"50":1,"51":1,"52":1,"53":1,"54":1,"55":1,"56":1,"57":0,"58":1,"59":6,"60":6,"61":1,"62":2,"63":0,"64":2,"65":1,"66":1,"67":0,"68":0,"69":0,"70":0,"71":0,"72":0,"73":0,"74":0,"75":0,"76":0,"77":0,"78":0,"79":0,"80":0,"81":0,"82":0,"83":0},"b":{"1":[2,1,1,1],"2":[1,1,1,1],"3":[1,1],"4":[2,2],"5":[1,1],"6":[1,1],"7":[2,0],"8":[2,1,1,1,1,1],"9":[0,2,0],"10":[1,1],"11":[2,1,1],"12":[1,0],"13":[0,2],"14":[2,0,0,0,0,0,0],"15":[0,2],"16":[2,0],"17":[1,1],"18":[0,1],"19":[1,2,0,2],"20":[1,0],"21":[1,1],"22":[0,0],"23":[0,0],"24":[0,0],"25":[0,0],"26":[0,0],"27":[0,0],"28":[0,0]},"f":{"1":2,"2":2,"3":2,"4":2,"5":2,"6":2,"7":2,"8":2,"9":3,"10":1,"11":6,"12":0},"fnMap":{"1":{"name":"(anonymous_1)","line":26,"loc":{"start":{"line":26,"column":1},"end":{"line":26,"column":13}}},"2":{"name":"(anonymous_2)","line":33,"loc":{"start":{"line":33,"column":5},"end":{"line":33,"column":17}}},"3":{"name":"(anonymous_3)","line":37,"loc":{"start":{"line":37,"column":24},"end":{"line":37,"column":36}}},"4":{"name":"(anonymous_4)","line":69,"loc":{"start":{"line":69,"column":31},"end":{"line":69,"column":48}},"skip":true},"5":{"name":"(anonymous_5)","line":78,"loc":{"start":{"line":78,"column":26},"end":{"line":78,"column":45}},"skip":true},"6":{"name":"(anonymous_6)","line":123,"loc":{"start":{"line":123,"column":33},"end":{"line":123,"column":48}},"skip":true},"7":{"name":"(anonymous_7)","line":125,"loc":{"start":{"line":125,"column":27},"end":{"line":125,"column":39}},"skip":true},"8":{"name":"(anonymous_8)","line":133,"loc":{"start":{"line":133,"column":59},"end":{"line":133,"column":74}},"skip":true},"9":{"name":"(anonymous_9)","line":143,"loc":{"start":{"line":143,"column":45},"end":{"line":143,"column":62}},"skip":true},"10":{"name":"(anonymous_10)","line":144,"loc":{"start":{"line":144,"column":73},"end":{"line":144,"column":92}},"skip":true},"11":{"name":"(anonymous_11)","line":272,"loc":{"start":{"line":272,"column":51},"end":{"line":272,"column":77}},"skip":true},"12":{"name":"(anonymous_12)","line":314,"loc":{"start":{"line":314,"column":32},"end":{"line":314,"column":61}},"skip":true}},"statementMap":{"1":{"start":{"line":26,"column":0},"end":{"line":325,"column":5}},"2":{"start":{"line":28,"column":4},"end":{"line":28,"column":14}},"3":{"start":{"line":33,"column":4},"end":{"line":60,"column":9}},"4":{"start":{"line":35,"column":8},"end":{"line":35,"column":19}},"5":{"start":{"line":37,"column":8},"end":{"line":49,"column":13}},"6":{"start":{"line":38,"column":12},"end":{"line":48,"column":13}},"7":{"start":{"line":39,"column":16},"end":{"line":42,"column":30}},"8":{"start":{"line":44,"column":16},"end":{"line":47,"column":27}},"9":{"start":{"line":51,"column":8},"end":{"line":53,"column":21}},"10":{"start":{"line":55,"column":8},"end":{"line":57,"column":45}},"11":{"start":{"line":59,"column":8},"end":{"line":59,"column":35}},"12":{"start":{"line":61,"column":4},"end":{"line":324,"column":5}},"13":{"start":{"line":69,"column":8},"end":{"line":121,"column":10},"skip":true},"14":{"start":{"line":70,"column":12},"end":{"line":88,"column":13},"skip":true},"15":{"start":{"line":76,"column":16},"end":{"line":87,"column":19},"skip":true},"16":{"start":{"line":79,"column":20},"end":{"line":86,"column":21},"skip":true},"17":{"start":{"line":82,"column":24},"end":{"line":82,"column":43},"skip":true},"18":{"start":{"line":83,"column":24},"end":{"line":83,"column":30},"skip":true},"19":{"start":{"line":85,"column":24},"end":{"line":85,"column":49},"skip":true},"20":{"start":{"line":89,"column":12},"end":{"line":107,"column":13},"skip":true},"21":{"start":{"line":92,"column":16},"end":{"line":102,"column":17},"skip":true},"22":{"start":{"line":93,"column":20},"end":{"line":93,"column":86},"skip":true},"23":{"start":{"line":94,"column":20},"end":{"line":95,"column":45},"skip":true},"24":{"start":{"line":96,"column":20},"end":{"line":96,"column":42},"skip":true},"25":{"start":{"line":97,"column":20},"end":{"line":97,"column":48},"skip":true},"26":{"start":{"line":100,"column":20},"end":{"line":100,"column":85},"skip":true},"27":{"start":{"line":101,"column":20},"end":{"line":101,"column":96},"skip":true},"28":{"start":{"line":103,"column":16},"end":{"line":103,"column":22},"skip":true},"29":{"start":{"line":106,"column":16},"end":{"line":106,"column":22},"skip":true},"30":{"start":{"line":108,"column":12},"end":{"line":120,"column":13},"skip":true},"31":{"start":{"line":114,"column":16},"end":{"line":119,"column":17},"skip":true},"32":{"start":{"line":116,"column":20},"end":{"line":116,"column":78},"skip":true},"33":{"start":{"line":118,"column":20},"end":{"line":118,"column":47},"skip":true},"34":{"start":{"line":123,"column":8},"end":{"line":141,"column":11},"skip":true},"35":{"start":{"line":124,"column":12},"end":{"line":124,"column":54},"skip":true},"36":{"start":{"line":125,"column":12},"end":{"line":140,"column":14},"skip":true},"37":{"start":{"line":126,"column":16},"end":{"line":126,"column":28},"skip":true},"38":{"start":{"line":127,"column":16},"end":{"line":127,"column":69},"skip":true},"39":{"start":{"line":128,"column":16},"end":{"line":128,"column":75},"skip":true},"40":{"start":{"line":129,"column":16},"end":{"line":131,"column":17},"skip":true},"41":{"start":{"line":130,"column":20},"end":{"line":130,"column":27},"skip":true},"42":{"start":{"line":133,"column":16},"end":{"line":137,"column":36},"skip":true},"43":{"start":{"line":134,"column":20},"end":{"line":136,"column":55},"skip":true},"44":{"start":{"line":139,"column":16},"end":{"line":139,"column":57},"skip":true},"45":{"start":{"line":143,"column":8},"end":{"line":147,"column":11},"skip":true},"46":{"start":{"line":144,"column":12},"end":{"line":146,"column":15},"skip":true},"47":{"start":{"line":145,"column":16},"end":{"line":145,"column":70},"skip":true},"48":{"start":{"line":149,"column":8},"end":{"line":149,"column":31},"skip":true},"49":{"start":{"line":150,"column":8},"end":{"line":150,"column":14},"skip":true},"50":{"start":{"line":158,"column":8},"end":{"line":158,"column":31},"skip":true},"51":{"start":{"line":160,"column":8},"end":{"line":160,"column":33},"skip":true},"52":{"start":{"line":161,"column":8},"end":{"line":161,"column":37},"skip":true},"53":{"start":{"line":162,"column":8},"end":{"line":162,"column":35},"skip":true},"54":{"start":{"line":164,"column":8},"end":{"line":164,"column":50},"skip":true},"55":{"start":{"line":166,"column":8},"end":{"line":256,"column":2},"skip":true},"56":{"start":{"line":258,"column":8},"end":{"line":286,"column":9},"skip":true},"57":{"start":{"line":259,"column":12},"end":{"line":269,"column":14},"skip":true},"58":{"start":{"line":271,"column":12},"end":{"line":285,"column":19},"skip":true},"59":{"start":{"line":274,"column":20},"end":{"line":274,"column":35},"skip":true},"60":{"start":{"line":275,"column":20},"end":{"line":284,"column":21},"skip":true},"61":{"start":{"line":277,"column":24},"end":{"line":277,"column":64},"skip":true},"62":{"start":{"line":279,"column":24},"end":{"line":279,"column":40},"skip":true},"63":{"start":{"line":281,"column":24},"end":{"line":281,"column":40},"skip":true},"64":{"start":{"line":283,"column":24},"end":{"line":283,"column":39},"skip":true},"65":{"start":{"line":288,"column":8},"end":{"line":290,"column":9},"skip":true},"66":{"start":{"line":289,"column":12},"end":{"line":289,"column":18},"skip":true},"67":{"start":{"line":291,"column":8},"end":{"line":293,"column":54},"skip":true},"68":{"start":{"line":294,"column":8},"end":{"line":301,"column":37},"skip":true},"69":{"start":{"line":302,"column":8},"end":{"line":302,"column":82},"skip":true},"70":{"start":{"line":305,"column":8},"end":{"line":307,"column":9},"skip":true},"71":{"start":{"line":306,"column":12},"end":{"line":306,"column":82},"skip":true},"72":{"start":{"line":309,"column":8},"end":{"line":311,"column":9},"skip":true},"73":{"start":{"line":310,"column":12},"end":{"line":310,"column":18},"skip":true},"74":{"start":{"line":312,"column":8},"end":{"line":312,"column":54},"skip":true},"75":{"start":{"line":313,"column":8},"end":{"line":313,"column":69},"skip":true},"76":{"start":{"line":314,"column":8},"end":{"line":322,"column":36},"skip":true},"77":{"start":{"line":315,"column":12},"end":{"line":315,"column":61},"skip":true},"78":{"start":{"line":316,"column":12},"end":{"line":319,"column":13},"skip":true},"79":{"start":{"line":317,"column":16},"end":{"line":317,"column":75},"skip":true},"80":{"start":{"line":318,"column":16},"end":{"line":318,"column":23},"skip":true},"81":{"start":{"line":320,"column":12},"end":{"line":320,"column":38},"skip":true},"82":{"start":{"line":321,"column":12},"end":{"line":321,"column":27},"skip":true},"83":{"start":{"line":323,"column":8},"end":{"line":323,"column":14},"skip":true}},"branchMap":{"1":{"line":39,"type":"binary-expr","locations":[{"start":{"line":39,"column":23},"end":{"line":39,"column":62}},{"start":{"line":40,"column":20},"end":{"line":40,"column":70}},{"start":{"line":41,"column":20},"end":{"line":41,"column":71}},{"start":{"line":42,"column":20},"end":{"line":42,"column":29}}]},"2":{"line":44,"type":"binary-expr","locations":[{"start":{"line":44,"column":23},"end":{"line":44,"column":37}},{"start":{"line":45,"column":20},"end":{"line":45,"column":61}},{"start":{"line":46,"column":20},"end":{"line":46,"column":70}},{"start":{"line":47,"column":20},"end":{"line":47,"column":26}}]},"3":{"line":51,"type":"cond-expr","locations":[{"start":{"line":52,"column":14},"end":{"line":52,"column":20}},{"start":{"line":53,"column":14},"end":{"line":53,"column":20}}]},"4":{"line":55,"type":"binary-expr","locations":[{"start":{"line":55,"column":16},"end":{"line":55,"column":44}},{"start":{"line":55,"column":49},"end":{"line":57,"column":43}}]},"5":{"line":55,"type":"cond-expr","locations":[{"start":{"line":56,"column":14},"end":{"line":56,"column":50}},{"start":{"line":57,"column":14},"end":{"line":57,"column":43}}]},"6":{"line":61,"type":"switch","locations":[{"start":{"line":68,"column":4},"end":{"line":150,"column":14},"skip":true},{"start":{"line":156,"column":4},"end":{"line":323,"column":14},"skip":true}]},"7":{"line":70,"type":"if","locations":[{"start":{"line":70,"column":12},"end":{"line":70,"column":12},"skip":true},{"start":{"line":70,"column":12},"end":{"line":70,"column":12},"skip":true}]},"8":{"line":70,"type":"binary-expr","locations":[{"start":{"line":70,"column":16},"end":{"line":70,"column":22},"skip":true},{"start":{"line":70,"column":27},"end":{"line":70,"column":32},"skip":true},{"start":{"line":71,"column":20},"end":{"line":71,"column":39},"skip":true},{"start":{"line":72,"column":20},"end":{"line":72,"column":49},"skip":true},{"start":{"line":73,"column":20},"end":{"line":73,"column":58},"skip":true},{"start":{"line":74,"column":20},"end":{"line":74,"column":69},"skip":true}]},"9":{"line":79,"type":"switch","locations":[{"start":{"line":80,"column":20},"end":{"line":80,"column":33},"skip":true},{"start":{"line":81,"column":20},"end":{"line":83,"column":30},"skip":true},{"start":{"line":84,"column":20},"end":{"line":85,"column":49},"skip":true}]},"10":{"line":89,"type":"switch","locations":[{"start":{"line":90,"column":12},"end":{"line":103,"column":22},"skip":true},{"start":{"line":105,"column":12},"end":{"line":106,"column":22},"skip":true}]},"11":{"line":89,"type":"binary-expr","locations":[{"start":{"line":89,"column":20},"end":{"line":89,"column":25},"skip":true},{"start":{"line":89,"column":29},"end":{"line":89,"column":48},"skip":true},{"start":{"line":89,"column":52},"end":{"line":89,"column":74},"skip":true}]},"12":{"line":92,"type":"if","locations":[{"start":{"line":92,"column":16},"end":{"line":92,"column":16},"skip":true},{"start":{"line":92,"column":16},"end":{"line":92,"column":16},"skip":true}]},"13":{"line":108,"type":"if","locations":[{"start":{"line":108,"column":12},"end":{"line":108,"column":12},"skip":true},{"start":{"line":108,"column":12},"end":{"line":108,"column":12},"skip":true}]},"14":{"line":108,"type":"binary-expr","locations":[{"start":{"line":108,"column":16},"end":{"line":108,"column":61},"skip":true},{"start":{"line":108,"column":66},"end":{"line":108,"column":72},"skip":true},{"start":{"line":108,"column":77},"end":{"line":108,"column":82},"skip":true},{"start":{"line":109,"column":20},"end":{"line":109,"column":39},"skip":true},{"start":{"line":110,"column":20},"end":{"line":110,"column":49},"skip":true},{"start":{"line":111,"column":20},"end":{"line":111,"column":58},"skip":true},{"start":{"line":112,"column":20},"end":{"line":112,"column":68},"skip":true}]},"15":{"line":129,"type":"if","locations":[{"start":{"line":129,"column":16},"end":{"line":129,"column":16},"skip":true},{"start":{"line":129,"column":16},"end":{"line":129,"column":16},"skip":true}]},"16":{"line":134,"type":"cond-expr","locations":[{"start":{"line":135,"column":26},"end":{"line":135,"column":29},"skip":true},{"start":{"line":136,"column":26},"end":{"line":136,"column":54},"skip":true}]},"17":{"line":164,"type":"binary-expr","locations":[{"start":{"line":164,"column":27},"end":{"line":164,"column":43},"skip":true},{"start":{"line":164,"column":47},"end":{"line":164,"column":49},"skip":true}]},"18":{"line":258,"type":"if","locations":[{"start":{"line":258,"column":8},"end":{"line":258,"column":8},"skip":true},{"start":{"line":258,"column":8},"end":{"line":258,"column":8},"skip":true}]},"19":{"line":275,"type":"switch","locations":[{"start":{"line":276,"column":20},"end":{"line":277,"column":64},"skip":true},{"start":{"line":278,"column":20},"end":{"line":279,"column":40},"skip":true},{"start":{"line":280,"column":20},"end":{"line":281,"column":40},"skip":true},{"start":{"line":282,"column":20},"end":{"line":283,"column":39},"skip":true}]},"20":{"line":288,"type":"if","locations":[{"start":{"line":288,"column":8},"end":{"line":288,"column":8},"skip":true},{"start":{"line":288,"column":8},"end":{"line":288,"column":8},"skip":true}]},"21":{"line":288,"type":"binary-expr","locations":[{"start":{"line":288,"column":12},"end":{"line":288,"column":40},"skip":true},{"start":{"line":288,"column":44},"end":{"line":288,"column":67},"skip":true}]},"22":{"line":292,"type":"binary-expr","locations":[{"start":{"line":292,"column":12},"end":{"line":292,"column":50},"skip":true},{"start":{"line":293,"column":12},"end":{"line":293,"column":53},"skip":true}]},"23":{"line":295,"type":"binary-expr","locations":[{"start":{"line":295,"column":12},"end":{"line":295,"column":64},"skip":true},{"start":{"line":296,"column":12},"end":{"line":301,"column":36},"skip":true}]},"24":{"line":302,"type":"binary-expr","locations":[{"start":{"line":302,"column":43},"end":{"line":302,"column":75},"skip":true},{"start":{"line":302,"column":79},"end":{"line":302,"column":81},"skip":true}]},"25":{"line":305,"type":"if","locations":[{"start":{"line":305,"column":8},"end":{"line":305,"column":8},"skip":true},{"start":{"line":305,"column":8},"end":{"line":305,"column":8},"skip":true}]},"26":{"line":309,"type":"if","locations":[{"start":{"line":309,"column":8},"end":{"line":309,"column":8},"skip":true},{"start":{"line":309,"column":8},"end":{"line":309,"column":8},"skip":true}]},"27":{"line":312,"type":"binary-expr","locations":[{"start":{"line":312,"column":27},"end":{"line":312,"column":43},"skip":true},{"start":{"line":312,"column":47},"end":{"line":312,"column":53},"skip":true}]},"28":{"line":316,"type":"if","locations":[{"start":{"line":316,"column":12},"end":{"line":316,"column":12},"skip":true},{"start":{"line":316,"column":12},"end":{"line":316,"column":12},"skip":true}]}},"code":["/*","example.js","","quickstart example","","instruction","    1. save this script as example.js","    2. run the shell command:","        $ npm install npmtest-twilio && PORT=8081 node example.js","    3. play with the browser-demo on http://127.0.0.1:8081","*/","","","","/* istanbul instrument in package npmtest_twilio */","/*jslint","    bitwise: true,","    browser: true,","    maxerr: 8,","    maxlen: 96,","    node: true,","    nomen: true,","    regexp: true,","    stupid: true","*/","(function () {","    'use strict';","    var local;","","","","    // run shared js-env code - pre-init","    (function () {","        // init local","        local = {};","        // init modeJs","        local.modeJs = (function () {","            try {","                return typeof navigator.userAgent === 'string' &&","                    typeof document.querySelector('body') === 'object' &&","                    typeof XMLHttpRequest.prototype.open === 'function' &&","                    'browser';","            } catch (errorCaughtBrowser) {","                return module.exports &&","                    typeof process.versions.node === 'string' &&","                    typeof require('http').createServer === 'function' &&","                    'node';","            }","        }());","        // init global","        local.global = local.modeJs === 'browser'","            ? window","            : global;","        // init utility2_rollup","        local = local.global.utility2_rollup || (local.modeJs === 'browser'","            ? local.global.utility2_npmtest_twilio","            : global.utility2_moduleExports);","        // export local","        local.global.local = local;","    }());","    switch (local.modeJs) {","","","","    // post-init","    // run browser js-env code - post-init","    /* istanbul ignore next */","    case 'browser':","        local.testRunBrowser = function (event) {","            if (!event || (event &&","                    event.currentTarget &&","                    event.currentTarget.className &&","                    event.currentTarget.className.includes &&","                    event.currentTarget.className.includes('onreset'))) {","                // reset output","                Array.from(","                    document.querySelectorAll('body > .resettable')","                ).forEach(function (element) {","                    switch (element.tagName) {","                    case 'INPUT':","                    case 'TEXTAREA':","                        element.value = '';","                        break;","                    default:","                        element.textContent = '';","                    }","                });","            }","            switch (event && event.currentTarget && event.currentTarget.id) {","            case 'testRunButton1':","                // show tests","                if (document.querySelector('#testReportDiv1').style.display === 'none') {","                    document.querySelector('#testReportDiv1').style.display = 'block';","                    document.querySelector('#testRunButton1').textContent =","                        'hide internal test';","                    local.modeTest = true;","                    local.testRunDefault(local);","                // hide tests","                } else {","                    document.querySelector('#testReportDiv1').style.display = 'none';","                    document.querySelector('#testRunButton1').textContent = 'run internal test';","                }","                break;","            // custom-case","            default:","                break;","            }","            if (document.querySelector('#inputTextareaEval1') && (!event || (event &&","                    event.currentTarget &&","                    event.currentTarget.className &&","                    event.currentTarget.className.includes &&","                    event.currentTarget.className.includes('oneval')))) {","                // try to eval input-code","                try {","                    /*jslint evil: true*/","                    eval(document.querySelector('#inputTextareaEval1').value);","                } catch (errorCaught) {","                    console.error(errorCaught);","                }","            }","        };","        // log stderr and stdout to #outputTextareaStdout1","        ['error', 'log'].forEach(function (key) {","            console[key + '_original'] = console[key];","            console[key] = function () {","                var element;","                console[key + '_original'].apply(console, arguments);","                element = document.querySelector('#outputTextareaStdout1');","                if (!element) {","                    return;","                }","                // append text to #outputTextareaStdout1","                element.value += Array.from(arguments).map(function (arg) {","                    return typeof arg === 'string'","                        ? arg","                        : JSON.stringify(arg, null, 4);","                }).join(' ') + '\\n';","                // scroll textarea to bottom","                element.scrollTop = element.scrollHeight;","            };","        });","        // init event-handling","        ['change', 'click', 'keyup'].forEach(function (event) {","            Array.from(document.querySelectorAll('.on' + event)).forEach(function (element) {","                element.addEventListener(event, local.testRunBrowser);","            });","        });","        // run tests","        local.testRunBrowser();","        break;","","","","    // run node js-env code - post-init","    /* istanbul ignore next */","    case 'node':","        // export local","        module.exports = local;","        // require modules","        local.fs = require('fs');","        local.http = require('http');","        local.url = require('url');","        // init assets","        local.assetsDict = local.assetsDict || {};","        /* jslint-ignore-begin */","        local.assetsDict['/assets.index.template.html'] = '\\","<!doctype html>\\n\\","<html lang=\"en\">\\n\\","<head>\\n\\","<meta charset=\"UTF-8\">\\n\\","<meta name=\"viewport\" content=\"width=device-width, initial-scale=1\">\\n\\","<title>{{env.npm_package_name}} (v{{env.npm_package_version}})</title>\\n\\","<style>\\n\\","/*csslint\\n\\","    box-sizing: false,\\n\\","    universal-selector: false\\n\\","*/\\n\\","* {\\n\\","    box-sizing: border-box;\\n\\","}\\n\\","body {\\n\\","    background: #dde;\\n\\","    font-family: Arial, Helvetica, sans-serif;\\n\\","    margin: 2rem;\\n\\","}\\n\\","body > * {\\n\\","    margin-bottom: 1rem;\\n\\","}\\n\\",".utility2FooterDiv {\\n\\","    margin-top: 20px;\\n\\","    text-align: center;\\n\\","}\\n\\","</style>\\n\\","<style>\\n\\","/*csslint\\n\\","*/\\n\\","textarea {\\n\\","    font-family: monospace;\\n\\","    height: 10rem;\\n\\","    width: 100%;\\n\\","}\\n\\","textarea[readonly] {\\n\\","    background: #ddd;\\n\\","}\\n\\","</style>\\n\\","</head>\\n\\","<body>\\n\\","<!-- utility2-comment\\n\\","<div id=\"ajaxProgressDiv1\" style=\"background: #d00; height: 2px; left: 0; margin: 0; padding: 0; position: fixed; top: 0; transition: background 0.5s, width 1.5s; width: 25%;\"></div>\\n\\","utility2-comment -->\\n\\","<h1>\\n\\","<!-- utility2-comment\\n\\","    <a\\n\\","        {{#if env.npm_package_homepage}}\\n\\","        href=\"{{env.npm_package_homepage}}\"\\n\\","        {{/if env.npm_package_homepage}}\\n\\","        target=\"_blank\"\\n\\","    >\\n\\","utility2-comment -->\\n\\","        {{env.npm_package_name}} (v{{env.npm_package_version}})\\n\\","<!-- utility2-comment\\n\\","    </a>\\n\\","utility2-comment -->\\n\\","</h1>\\n\\","<h3>{{env.npm_package_description}}</h3>\\n\\","<!-- utility2-comment\\n\\","<h4><a download href=\"assets.app.js\">download standalone app</a></h4>\\n\\","<button class=\"onclick onreset\" id=\"testRunButton1\">run internal test</button><br>\\n\\","<div id=\"testReportDiv1\" style=\"display: none;\"></div>\\n\\","utility2-comment -->\\n\\","\\n\\","\\n\\","\\n\\","<label>stderr and stdout</label>\\n\\","<textarea class=\"resettable\" id=\"outputTextareaStdout1\" readonly></textarea>\\n\\","<!-- utility2-comment\\n\\","{{#if isRollup}}\\n\\","<script src=\"assets.app.js\"></script>\\n\\","{{#unless isRollup}}\\n\\","utility2-comment -->\\n\\","<script src=\"assets.utility2.rollup.js\"></script>\\n\\","<script src=\"jsonp.utility2._stateInit?callback=window.utility2._stateInit\"></script>\\n\\","<script src=\"assets.npmtest_twilio.rollup.js\"></script>\\n\\","<script src=\"assets.example.js\"></script>\\n\\","<script src=\"assets.test.js\"></script>\\n\\","<!-- utility2-comment\\n\\","{{/if isRollup}}\\n\\","utility2-comment -->\\n\\","<div class=\"utility2FooterDiv\">\\n\\","    [ this app was created with\\n\\","    <a href=\"https://github.com/kaizhu256/node-utility2\" target=\"_blank\">utility2</a>\\n\\","    ]\\n\\","</div>\\n\\","</body>\\n\\","</html>\\n\\","';","        /* jslint-ignore-end */","        if (local.templateRender) {","            local.assetsDict['/'] = local.templateRender(","                local.assetsDict['/assets.index.template.html'],","                {","                    env: local.objectSetDefault(local.env, {","                        npm_package_description: 'the greatest app in the world!',","                        npm_package_name: 'my-app',","                        npm_package_nameAlias: 'my_app',","                        npm_package_version: '0.0.1'","                    })","                }","            );","        } else {","            local.assetsDict['/'] = local.assetsDict['/assets.index.template.html']","                .replace((/\\{\\{env\\.(\\w+?)\\}\\}/g), function (match0, match1) {","                    // jslint-hack","                    String(match0);","                    switch (match1) {","                    case 'npm_package_description':","                        return 'the greatest app in the world!';","                    case 'npm_package_name':","                        return 'my-app';","                    case 'npm_package_nameAlias':","                        return 'my_app';","                    case 'npm_package_version':","                        return '0.0.1';","                    }","                });","        }","        // run the cli","        if (local.global.utility2_rollup || module !== require.main) {","            break;","        }","        local.assetsDict['/assets.example.js'] =","            local.assetsDict['/assets.example.js'] ||","            local.fs.readFileSync(__filename, 'utf8');","        local.assetsDict['/assets.npmtest_twilio.rollup.js'] =","            local.assetsDict['/assets.npmtest_twilio.rollup.js'] ||","            local.fs.readFileSync(","                // buildCustomOrg-hack","                local.npmtest_twilio.__dirname +","                    '/lib.npmtest_twilio.js',","                'utf8'","            ).replace((/^#!/), '//');","        local.assetsDict['/favicon.ico'] = local.assetsDict['/favicon.ico'] || '';","        // if $npm_config_timeout_exit exists,","        // then exit this process after $npm_config_timeout_exit ms","        if (Number(process.env.npm_config_timeout_exit)) {","            setTimeout(process.exit, Number(process.env.npm_config_timeout_exit));","        }","        // start server","        if (local.global.utility2_serverHttp1) {","            break;","        }","        process.env.PORT = process.env.PORT || '8081';","        console.error('server starting on port ' + process.env.PORT);","        local.http.createServer(function (request, response) {","            request.urlParsed = local.url.parse(request.url);","            if (local.assetsDict[request.urlParsed.pathname] !== undefined) {","                response.end(local.assetsDict[request.urlParsed.pathname]);","                return;","            }","            response.statusCode = 404;","            response.end();","        }).listen(process.env.PORT);","        break;","    }","}());",""],"l":{"26":2,"28":2,"33":2,"35":2,"37":2,"38":2,"39":2,"44":1,"51":2,"55":2,"59":2,"61":2,"69":1,"70":2,"76":2,"79":2,"82":2,"83":2,"85":1,"89":2,"92":1,"93":1,"94":1,"96":1,"97":1,"100":1,"101":1,"103":1,"106":1,"108":2,"114":1,"116":1,"118":1,"123":1,"124":2,"125":2,"126":2,"127":2,"128":2,"129":2,"130":1,"133":2,"134":2,"139":2,"143":1,"144":3,"145":1,"149":1,"150":1,"158":1,"160":1,"161":1,"162":1,"164":1,"166":1,"258":1,"259":1,"271":1,"274":6,"275":6,"277":1,"279":2,"281":1,"283":2,"288":1,"289":1,"291":1,"294":1,"302":1,"305":1,"306":1,"309":1,"310":1,"312":1,"313":1,"314":1,"315":1,"316":1,"317":1,"318":1,"320":1,"321":1,"323":1}},"/home/travis/build/npmtest/node-npmtest-twilio/node_modules/twilio/lib/index.js":{"path":"/home/travis/build/npmtest/node-npmtest-twilio/node_modules/twilio/lib/index.js","s":{"1":1,"2":1,"3":0,"4":1,"5":1,"6":1,"7":1,"8":1,"9":1,"10":1,"11":1,"12":1,"13":1,"14":1,"15":1,"16":1,"17":1,"18":1,"19":1,"20":1,"21":1},"b":{},"f":{"1":0},"fnMap":{"1":{"name":"initializer","line":19,"loc":{"start":{"line":19,"column":0},"end":{"line":19,"column":40}}}},"statementMap":{"1":{"start":{"line":9,"column":0},"end":{"line":16,"column":49}},"2":{"start":{"line":19,"column":0},"end":{"line":21,"column":1}},"3":{"start":{"line":20,"column":4},"end":{"line":20,"column":45}},"4":{"start":{"line":24,"column":0},"end":{"line":24,"column":36}},"5":{"start":{"line":25,"column":0},"end":{"line":25,"column":42}},"6":{"start":{"line":26,"column":0},"end":{"line":26,"column":42}},"7":{"start":{"line":27,"column":0},"end":{"line":27,"column":48}},"8":{"start":{"line":28,"column":0},"end":{"line":28,"column":50}},"9":{"start":{"line":29,"column":0},"end":{"line":29,"column":42}},"10":{"start":{"line":30,"column":0},"end":{"line":30,"column":44}},"11":{"start":{"line":31,"column":0},"end":{"line":31,"column":51}},"12":{"start":{"line":32,"column":0},"end":{"line":32,"column":49}},"13":{"start":{"line":33,"column":0},"end":{"line":33,"column":69}},"14":{"start":{"line":34,"column":0},"end":{"line":34,"column":81}},"15":{"start":{"line":35,"column":0},"end":{"line":35,"column":87}},"16":{"start":{"line":36,"column":0},"end":{"line":36,"column":87}},"17":{"start":{"line":37,"column":0},"end":{"line":37,"column":55}},"18":{"start":{"line":40,"column":0},"end":{"line":40,"column":55}},"19":{"start":{"line":41,"column":0},"end":{"line":41,"column":69}},"20":{"start":{"line":42,"column":0},"end":{"line":42,"column":39}},"21":{"start":{"line":45,"column":0},"end":{"line":45,"column":29}}},"branchMap":{},"code":["/**"," @module twilio",""," A helper library for interaction with the Twilio REST API,"," generation of TwiML markup, and creation of capability tokens for"," use with the Twilio Client SDK."," */","","var webhooks = require('./webhooks'),","    RestClient = require('./RestClient'),","    IpMessagingClient = require('./IpMessagingClient'),","    PricingClient = require('./PricingClient'),","    MonitorClient = require('./MonitorClient'),","    TaskRouterClient = require('./TaskRouterClient'),","    LookupsClient = require('./LookupsClient'),","    TrunkingClient = require('./TrunkingClient');","","//Shorthand to automatically create a RestClient","function initializer(sid, tkn, options) {","    return new RestClient(sid, tkn, options);","}","","//Main functional components of the Twilio module","initializer.RestClient = RestClient;","initializer.PricingClient = PricingClient;","initializer.MonitorClient = MonitorClient;","initializer.TaskRouterClient = TaskRouterClient;","initializer.IpMessagingClient = IpMessagingClient;","initializer.LookupsClient = LookupsClient;","initializer.TrunkingClient = TrunkingClient;","initializer.AccessToken = require('./AccessToken');","initializer.Capability = require('./Capability');","initializer.TaskRouterCapability = require('./TaskRouterCapability');","initializer.TaskRouterWorkerCapability = require('./TaskRouterWorkerCapability');","initializer.TaskRouterWorkspaceCapability = require('./TaskRouterWorkspaceCapability');","initializer.TaskRouterTaskQueueCapability = require('./TaskRouterTaskQueueCapability');","initializer.TwimlResponse = require('./TwimlResponse');","","// Seup webhook helper functionality","initializer.validateRequest = webhooks.validateRequest;","initializer.validateExpressRequest = webhooks.validateExpressRequest;","initializer.webhook = webhooks.webhook;","","//public module interface is a function, which passes through to RestClient constructor","module.exports = initializer;",""],"l":{"9":1,"19":1,"20":0,"24":1,"25":1,"26":1,"27":1,"28":1,"29":1,"30":1,"31":1,"32":1,"33":1,"34":1,"35":1,"36":1,"37":1,"40":1,"41":1,"42":1,"45":1}},"/home/travis/build/npmtest/node-npmtest-twilio/node_modules/twilio/lib/webhooks.js":{"path":"/home/travis/build/npmtest/node-npmtest-twilio/node_modules/twilio/lib/webhooks.js","s":{"1":1,"2":1,"3":0,"4":0,"5":0,"6":1,"7":0,"8":0,"9":0,"10":0,"11":0,"12":0,"13":0,"14":1,"15":0,"16":0,"17":0,"18":0,"19":0,"20":0,"21":0,"22":0,"23":0,"24":0,"25":0,"26":0,"27":0,"28":0,"29":0,"30":0,"31":0,"32":0,"33":0,"34":0,"35":0,"36":0,"37":0,"38":0,"39":0},"b":{"1":[0,0],"2":[0,0],"3":[0,0],"4":[0,0],"5":[0,0],"6":[0,0],"7":[0,0],"8":[0,0],"9":[0,0],"10":[0,0],"11":[0,0],"12":[0,0],"13":[0,0]},"f":{"1":0,"2":0,"3":0,"4":0,"5":0,"6":0},"fnMap":{"1":{"name":"(anonymous_1)","line":14,"loc":{"start":{"line":14,"column":26},"end":{"line":14,"column":73}}},"2":{"name":"(anonymous_2)","line":15,"loc":{"start":{"line":15,"column":39},"end":{"line":15,"column":56}}},"3":{"name":"(anonymous_3)","line":33,"loc":{"start":{"line":33,"column":33},"end":{"line":33,"column":68}}},"4":{"name":"(anonymous_4)","line":87,"loc":{"start":{"line":87,"column":18},"end":{"line":87,"column":29}}},"5":{"name":"hook","line":108,"loc":{"start":{"line":108,"column":11},"end":{"line":108,"column":50}}},"6":{"name":"(anonymous_6)","line":112,"loc":{"start":{"line":112,"column":28},"end":{"line":112,"column":39}}}},"statementMap":{"1":{"start":{"line":1,"column":0},"end":{"line":4,"column":25}},"2":{"start":{"line":14,"column":0},"end":{"line":20,"column":2}},"3":{"start":{"line":15,"column":4},"end":{"line":17,"column":7}},"4":{"start":{"line":16,"column":8},"end":{"line":16,"column":38}},"5":{"start":{"line":19,"column":4},"end":{"line":19,"column":118}},"6":{"start":{"line":33,"column":0},"end":{"line":55,"column":2}},"7":{"start":{"line":34,"column":4},"end":{"line":34,"column":39}},"8":{"start":{"line":35,"column":4},"end":{"line":47,"column":5}},"9":{"start":{"line":37,"column":8},"end":{"line":37,"column":33}},"10":{"start":{"line":40,"column":8},"end":{"line":40,"column":58}},"11":{"start":{"line":41,"column":8},"end":{"line":41,"column":54}},"12":{"start":{"line":42,"column":8},"end":{"line":46,"column":11}},"13":{"start":{"line":49,"column":4},"end":{"line":54,"column":6}},"14":{"start":{"line":87,"column":0},"end":{"line":155,"column":2}},"15":{"start":{"line":88,"column":4},"end":{"line":91,"column":6}},"16":{"start":{"line":94,"column":4},"end":{"line":94,"column":20}},"17":{"start":{"line":95,"column":4},"end":{"line":102,"column":5}},"18":{"start":{"line":96,"column":8},"end":{"line":96,"column":31}},"19":{"start":{"line":97,"column":8},"end":{"line":101,"column":9}},"20":{"start":{"line":98,"column":12},"end":{"line":98,"column":30}},"21":{"start":{"line":100,"column":12},"end":{"line":100,"column":39}},"22":{"start":{"line":105,"column":4},"end":{"line":105,"column":79}},"23":{"start":{"line":108,"column":4},"end":{"line":154,"column":6}},"24":{"start":{"line":110,"column":8},"end":{"line":124,"column":9}},"25":{"start":{"line":111,"column":12},"end":{"line":111,"column":40}},"26":{"start":{"line":112,"column":12},"end":{"line":123,"column":14}},"27":{"start":{"line":116,"column":16},"end":{"line":122,"column":17}},"28":{"start":{"line":117,"column":20},"end":{"line":117,"column":46}},"29":{"start":{"line":118,"column":20},"end":{"line":118,"column":67}},"30":{"start":{"line":121,"column":20},"end":{"line":121,"column":54}},"31":{"start":{"line":127,"column":8},"end":{"line":153,"column":9}},"32":{"start":{"line":129,"column":12},"end":{"line":150,"column":13}},"33":{"start":{"line":130,"column":16},"end":{"line":130,"column":113}},"34":{"start":{"line":131,"column":16},"end":{"line":134,"column":125}},"35":{"start":{"line":137,"column":16},"end":{"line":141,"column":19}},"36":{"start":{"line":142,"column":16},"end":{"line":149,"column":17}},"37":{"start":{"line":143,"column":20},"end":{"line":143,"column":27}},"38":{"start":{"line":145,"column":20},"end":{"line":148,"column":67}},"39":{"start":{"line":152,"column":12},"end":{"line":152,"column":19}}},"branchMap":{"1":{"line":34,"type":"binary-expr","locations":[{"start":{"line":34,"column":18},"end":{"line":34,"column":22}},{"start":{"line":34,"column":24},"end":{"line":34,"column":26}}]},"2":{"line":35,"type":"if","locations":[{"start":{"line":35,"column":4},"end":{"line":35,"column":4}},{"start":{"line":35,"column":4},"end":{"line":35,"column":4}}]},"3":{"line":40,"type":"binary-expr","locations":[{"start":{"line":40,"column":23},"end":{"line":40,"column":39}},{"start":{"line":40,"column":41},"end":{"line":40,"column":57}}]},"4":{"line":41,"type":"binary-expr","locations":[{"start":{"line":41,"column":19},"end":{"line":41,"column":31}},{"start":{"line":41,"column":33},"end":{"line":41,"column":53}}]},"5":{"line":53,"type":"binary-expr","locations":[{"start":{"line":53,"column":8},"end":{"line":53,"column":20}},{"start":{"line":53,"column":22},"end":{"line":53,"column":24}}]},"6":{"line":97,"type":"if","locations":[{"start":{"line":97,"column":8},"end":{"line":97,"column":8}},{"start":{"line":97,"column":8},"end":{"line":97,"column":8}}]},"7":{"line":105,"type":"cond-expr","locations":[{"start":{"line":105,"column":35},"end":{"line":105,"column":46}},{"start":{"line":105,"column":49},"end":{"line":105,"column":78}}]},"8":{"line":110,"type":"if","locations":[{"start":{"line":110,"column":8},"end":{"line":110,"column":8}},{"start":{"line":110,"column":8},"end":{"line":110,"column":8}}]},"9":{"line":116,"type":"if","locations":[{"start":{"line":116,"column":16},"end":{"line":116,"column":16}},{"start":{"line":116,"column":16},"end":{"line":116,"column":16}}]},"10":{"line":116,"type":"binary-expr","locations":[{"start":{"line":116,"column":20},"end":{"line":116,"column":41}},{"start":{"line":116,"column":45},"end":{"line":116,"column":68}}]},"11":{"line":127,"type":"if","locations":[{"start":{"line":127,"column":8},"end":{"line":127,"column":8}},{"start":{"line":127,"column":8},"end":{"line":127,"column":8}}]},"12":{"line":129,"type":"if","locations":[{"start":{"line":129,"column":12},"end":{"line":129,"column":12}},{"start":{"line":129,"column":12},"end":{"line":129,"column":12}}]},"13":{"line":142,"type":"if","locations":[{"start":{"line":142,"column":16},"end":{"line":142,"column":16}},{"start":{"line":142,"column":16},"end":{"line":142,"column":16}}]}},"code":["var crypto = require('crypto'),","    _ = require('underscore'),","    scmp = require('scmp'),","    url = require('url');","","/**"," Utility function to validate an incoming request is indeed from Twilio",""," @param {string} authToken - The auth token, as seen in the Twilio portal"," @param {string} twilioHeader - The value of the X-Twilio-Signature header from the request"," @param {string} url - The full URL (with query string) you configured to handle this request"," @param {object} params - the parameters sent with this request"," */","exports.validateRequest = function(authToken, twilioHeader, url, params) {","    Object.keys(params).sort().forEach(function(key, i) {","        url = url + key + params[key];","    });","","    return scmp(twilioHeader, crypto.createHmac('sha1', authToken).update(new Buffer(url, 'utf-8')).digest('Base64'));","};","","/**"," Utility function to validate an incoming request is indeed from Twilio (for use with express)."," adapted from https://github.com/crabasa/twiliosig",""," @param {object} request - An expressjs request object (http://expressjs.com/api.html#req.params)"," @param {string} authToken - The auth token, as seen in the Twilio portal"," @param {object} options - options for request validation:","    - webhookUrl: The full URL (with query string) you used to configure the webhook with Twilio - overrides host/protocol options","    - host: manually specify the host name used by Twilio in a number's webhook config","    - protocol: manually specify the protocol used by Twilio in a number's webhook config"," */","exports.validateExpressRequest = function(request, authToken, opts) {","    var options = opts||{}, webhookUrl;","    if (options.url) {","        // Let the user specify the full URL","        webhookUrl = options.url;","    } else {","        // Use configured host/protocol, or infer based on request","        var protocol = options.protocol||request.protocol;","        var host = options.host||request.headers.host;","        webhookUrl = url.format({","            protocol: protocol,","            host: host,","            pathname: request.originalUrl","        });","    }","    ","    return exports.validateRequest(","        authToken, ","        request.header('X-Twilio-Signature'), ","        webhookUrl, ","        request.body||{}","    );","};","","/**","Express middleware to accompany a Twilio webhook. Provides Twilio","request validation, and makes the response a little more friendly for our","TwiML generator.  Request validation requires the express.urlencoded middleware","to have been applied (e.g. app.use(express.urlencoded()); in your app config).","","Options:","- validate: {Boolean} whether or not the middleware should validate the request","    came from Twilio.  Default true. If the request does not originate from","    Twilio, we will return a text body and a 403.  If there is no configured","    auth token and validate=true, this is an error condition, so we will return","    a 500.","- includeHelpers: {Boolean} add helpers to the response object to improve support","    for XML (TwiML) rendering.  Default true.","- host: manually specify the host name used by Twilio in a number's webhook config","- protocol: manually specify the protocol used by Twilio in a number's webhook config","","Returns a middleware function.","","Examples:","var webhookMiddleware = twilio.webhook();","var webhookMiddleware = twilio.webhook('asdha9dhjasd'); //init with auth token","var webhookMiddleware = twilio.webhook({","    validate:false // don't attempt request validation","});","var webhookMiddleware = twilio.webhook({","    host: 'hook.twilio.com',","    protocol: 'https'","});"," */","exports.webhook = function() {","    var opts = {","        validate:true,","        includeHelpers:true","    };","","    // Process arguments","    var tokenString;","    for (var i = 0, l = arguments.length; i<l; i++) {","        var arg = arguments[i];","        if (typeof arg === 'string') {","            tokenString = arg;","        } else {","            opts = _.extend(opts, arg);","        }","    }","","    // set auth token from input or environment variable","    opts.authToken = tokenString ? tokenString : process.env.TWILIO_AUTH_TOKEN;","","    // Create middleware function","    return function hook(request, response, next) {","        // Add helpers, unless disabled","        if (opts.includeHelpers) {","            var oldSend = response.send;","            response.send = function() {","                // This is a special TwiML-aware version of send.  If we detect","                // A twiml response object, we'll set the content-type and ","                // automatically call .toString()","                if (arguments.length == 1 && arguments[0].legalNodes) {","                    response.type('text/xml');","                    oldSend.call(response,arguments[0].toString());","                } else {","                    // Continue with old version of send","                    oldSend.apply(response,arguments);","                }","            };","        }","","        // Do validation if requested","        if (opts.validate) {","            // Check for a valid auth token","            if (!opts.authToken) {","                console.error('[Twilio]: Error - Twilio auth token is required for webhook request validation.');","                response","                    .type('text/plain')","                    .status(500)","                    .send('Webhook Error - we attempted to validate this request without first configuring our auth token.');","            } else {","                // Check that the request originated from Twilio","                valid = exports.validateExpressRequest(request, opts.authToken, {","                    url: opts.url,","                    host: opts.host,","                    protocol: opts.protocol","                });","                if (valid) {","                    next();","                } else {","                    return response","                        .type('text/plain')","                        .status(403)","                        .send('Twilio Request Validation Failed.');","                }","            }","        } else {","            next();","        }","    };","};"],"l":{"1":1,"14":1,"15":0,"16":0,"19":0,"33":1,"34":0,"35":0,"37":0,"40":0,"41":0,"42":0,"49":0,"87":1,"88":0,"94":0,"95":0,"96":0,"97":0,"98":0,"100":0,"105":0,"108":0,"110":0,"111":0,"112":0,"116":0,"117":0,"118":0,"121":0,"127":0,"129":0,"130":0,"131":0,"137":0,"142":0,"143":0,"145":0,"152":0}},"/home/travis/build/npmtest/node-npmtest-twilio/node_modules/twilio/lib/RestClient.js":{"path":"/home/travis/build/npmtest/node-npmtest-twilio/node_modules/twilio/lib/RestClient.js","s":{"1":1,"2":1,"3":1,"4":1,"5":0,"6":0,"7":0,"8":0,"9":0,"10":0,"11":0,"12":0,"13":0,"14":0,"15":0,"16":0,"17":0,"18":0,"19":0,"20":0,"21":0,"22":0,"23":1,"24":1,"25":0,"26":0,"27":0,"28":1},"b":{"1":[0,0]},"f":{"1":0,"2":0,"3":0,"4":0,"5":0},"fnMap":{"1":{"name":"RestClient","line":23,"loc":{"start":{"line":23,"column":0},"end":{"line":23,"column":39}}},"2":{"name":"(anonymous_2)","line":40,"loc":{"start":{"line":40,"column":18},"end":{"line":40,"column":49}}},"3":{"name":"(anonymous_3)","line":43,"loc":{"start":{"line":43,"column":22},"end":{"line":43,"column":53}}},"4":{"name":"(anonymous_4)","line":51,"loc":{"start":{"line":51,"column":19},"end":{"line":51,"column":47}}},"5":{"name":"(anonymous_5)","line":58,"loc":{"start":{"line":58,"column":31},"end":{"line":58,"column":59}}}},"statementMap":{"1":{"start":{"line":10,"column":0},"end":{"line":10,"column":30}},"2":{"start":{"line":11,"column":0},"end":{"line":11,"column":33}},"3":{"start":{"line":12,"column":0},"end":{"line":12,"column":27}},"4":{"start":{"line":23,"column":0},"end":{"line":54,"column":1}},"5":{"start":{"line":24,"column":4},"end":{"line":24,"column":28}},"6":{"start":{"line":25,"column":4},"end":{"line":25,"column":94}},"7":{"start":{"line":28,"column":4},"end":{"line":28,"column":64}},"8":{"start":{"line":29,"column":4},"end":{"line":29,"column":36}},"9":{"start":{"line":32,"column":4},"end":{"line":32,"column":35}},"10":{"start":{"line":35,"column":4},"end":{"line":35,"column":51}},"11":{"start":{"line":36,"column":4},"end":{"line":36,"column":47}},"12":{"start":{"line":37,"column":4},"end":{"line":37,"column":51}},"13":{"start":{"line":38,"column":4},"end":{"line":38,"column":50}},"14":{"start":{"line":39,"column":4},"end":{"line":39,"column":51}},"15":{"start":{"line":40,"column":4},"end":{"line":42,"column":6}},"16":{"start":{"line":41,"column":8},"end":{"line":41,"column":61}},"17":{"start":{"line":43,"column":4},"end":{"line":45,"column":6}},"18":{"start":{"line":44,"column":8},"end":{"line":44,"column":57}},"19":{"start":{"line":49,"column":4},"end":{"line":49,"column":45}},"20":{"start":{"line":50,"column":4},"end":{"line":50,"column":45}},"21":{"start":{"line":51,"column":4},"end":{"line":53,"column":6}},"22":{"start":{"line":52,"column":8},"end":{"line":52,"column":51}},"23":{"start":{"line":56,"column":0},"end":{"line":56,"column":34}},"24":{"start":{"line":58,"column":0},"end":{"line":64,"column":2}},"25":{"start":{"line":59,"column":4},"end":{"line":59,"column":22}},"26":{"start":{"line":62,"column":4},"end":{"line":62,"column":40}},"27":{"start":{"line":63,"column":4},"end":{"line":63,"column":77}},"28":{"start":{"line":66,"column":0},"end":{"line":66,"column":28}}},"branchMap":{"1":{"line":24,"type":"binary-expr","locations":[{"start":{"line":24,"column":14},"end":{"line":24,"column":21}},{"start":{"line":24,"column":25},"end":{"line":24,"column":27}}]}},"code":["/**"," @module RestClient",""," This module presents a higher-level API for interacting with resources"," in the Twilio REST API.  Tries to map very closely to the resource structure"," of the actual Twilio API, while still providing a nice JavaScript interface."," */","","//Dependencies","var _ = require('underscore');","var Client = require('./Client');","var util = require('util');","","/**"," The Twilio REST API client"," @constructor"," @param {string} sid - The application SID, as seen in the Twilio portal"," @param {string} tkn - The auth token, as seen in the Twilio portal"," @param {object} options (optional) - optional config for the REST client"," - @member {string} host - host for the Twilio API (default: api.twilio.com)"," - @member {string} apiVersion - the Twilio REST API version to use for requests (default: 2010-04-01)"," */","function RestClient(sid, tkn, options) {","    options = options || {};","    RestClient.super_.call(this, sid, tkn, options.host, options.apiVersion, options.timeout);","","    //REST Resource - shorthand for just \"account\" and \"accounts\" to match the REST API","    var accountResource = require('./resources/Accounts')(this);","    this.accounts = accountResource;","","    //mix the account object in with the client object - assume master account for resources","    _.extend(this,accountResource);","","    //Messaging shorthand","    this.sendSms = this.accounts.sms.messages.post;","    this.sendMms = this.accounts.messages.post;","    this.sendMessage = this.accounts.messages.post;","    this.listSms = this.accounts.sms.messages.get;","    this.listMessages = this.accounts.messages.get;","    this.getSms = function(messageSid, callback) {","        this.accounts.sms.messages(messageSid).get(callback);","    };","    this.getMessage = function(messageSid, callback) {","        this.accounts.messages(messageSid).get(callback);","    };","","","    //Calls shorthand","    this.makeCall = this.accounts.calls.post;","    this.listCalls = this.accounts.calls.get;","    this.getCall = function(callSid, callback) {","        this.accounts.calls(callSid).get(callback);","    };","}","","util.inherits(RestClient, Client);","","RestClient.prototype.request = function(options, callback) {","    var client = this;","","    // Force .json for Coke Classic API","    options.url = options.url + '.json';","    return RestClient.super_.prototype.request.call(this, options, callback);","};","","module.exports = RestClient;",""],"l":{"10":1,"11":1,"12":1,"23":1,"24":0,"25":0,"28":0,"29":0,"32":0,"35":0,"36":0,"37":0,"38":0,"39":0,"40":0,"41":0,"43":0,"44":0,"49":0,"50":0,"51":0,"52":0,"56":1,"58":1,"59":0,"62":0,"63":0,"66":1}},"/home/travis/build/npmtest/node-npmtest-twilio/node_modules/twilio/lib/Client.js":{"path":"/home/travis/build/npmtest/node-npmtest-twilio/node_modules/twilio/lib/Client.js","s":{"1":1,"2":1,"3":1,"4":1,"5":1,"6":1,"7":1,"8":1,"9":0,"10":0,"11":0,"12":0,"13":0,"14":0,"15":0,"16":0,"17":0,"18":0,"19":1,"20":0,"21":0,"22":0,"23":0,"24":0,"25":0,"26":0,"27":0,"28":0,"29":0,"30":0,"31":0,"32":0,"33":0,"34":0,"35":1,"36":0,"37":1,"38":0,"39":0,"40":0,"41":0,"42":0,"43":0,"44":0,"45":0,"46":0,"47":0,"48":0,"49":0,"50":0,"51":0,"52":0,"53":0,"54":0,"55":0,"56":0,"57":0,"58":0,"59":0,"60":0,"61":0,"62":0,"63":0,"64":0,"65":0,"66":0,"67":0,"68":0,"69":0,"70":0,"71":1},"b":{"1":[0,0],"2":[0,0],"3":[0,0],"4":[0,0],"5":[0,0],"6":[0,0],"7":[0,0],"8":[0,0],"9":[0,0],"10":[0,0,0],"11":[0,0],"12":[0,0],"13":[0,0],"14":[0,0],"15":[0,0],"16":[0,0],"17":[0,0],"18":[0,0],"19":[0,0],"20":[0,0],"21":[0,0,0,0],"22":[0,0],"23":[0,0],"24":[0,0],"25":[0,0],"26":[0,0],"27":[0,0],"28":[0,0]},"f":{"1":0,"2":0,"3":0,"4":0,"5":0,"6":0,"7":0,"8":0},"fnMap":{"1":{"name":"Client","line":12,"loc":{"start":{"line":12,"column":0},"end":{"line":12,"column":54}}},"2":{"name":"processKeys","line":37,"loc":{"start":{"line":37,"column":0},"end":{"line":37,"column":29}}},"3":{"name":"(anonymous_3)","line":39,"loc":{"start":{"line":39,"column":36},"end":{"line":39,"column":50}}},"4":{"name":"(anonymous_4)","line":47,"loc":{"start":{"line":47,"column":50},"end":{"line":47,"column":63}}},"5":{"name":"(anonymous_5)","line":63,"loc":{"start":{"line":63,"column":107},"end":{"line":63,"column":125}}},"6":{"name":"(anonymous_6)","line":76,"loc":{"start":{"line":76,"column":30},"end":{"line":76,"column":42}}},"7":{"name":"(anonymous_7)","line":93,"loc":{"start":{"line":93,"column":27},"end":{"line":93,"column":56}}},"8":{"name":"(anonymous_8)","line":120,"loc":{"start":{"line":120,"column":21},"end":{"line":120,"column":52}}}},"statementMap":{"1":{"start":{"line":2,"column":0},"end":{"line":2,"column":21}},"2":{"start":{"line":3,"column":0},"end":{"line":3,"column":41}},"3":{"start":{"line":4,"column":0},"end":{"line":4,"column":33}},"4":{"start":{"line":5,"column":0},"end":{"line":5,"column":44}},"5":{"start":{"line":6,"column":0},"end":{"line":6,"column":30}},"6":{"start":{"line":9,"column":0},"end":{"line":9,"column":35}},"7":{"start":{"line":10,"column":0},"end":{"line":10,"column":37}},"8":{"start":{"line":12,"column":0},"end":{"line":34,"column":1}},"9":{"start":{"line":14,"column":4},"end":{"line":28,"column":5}},"10":{"start":{"line":15,"column":8},"end":{"line":22,"column":9}},"11":{"start":{"line":16,"column":12},"end":{"line":16,"column":61}},"12":{"start":{"line":17,"column":12},"end":{"line":17,"column":59}},"13":{"start":{"line":20,"column":12},"end":{"line":21,"column":92}},"14":{"start":{"line":26,"column":8},"end":{"line":26,"column":48}},"15":{"start":{"line":27,"column":8},"end":{"line":27,"column":47}},"16":{"start":{"line":31,"column":4},"end":{"line":31,"column":36}},"17":{"start":{"line":32,"column":4},"end":{"line":32,"column":55}},"18":{"start":{"line":33,"column":4},"end":{"line":33,"column":36}},"19":{"start":{"line":37,"column":0},"end":{"line":69,"column":1}},"20":{"start":{"line":38,"column":4},"end":{"line":68,"column":5}},"21":{"start":{"line":39,"column":8},"end":{"line":60,"column":11}},"22":{"start":{"line":41,"column":12},"end":{"line":43,"column":13}},"23":{"start":{"line":42,"column":16},"end":{"line":42,"column":35}},"24":{"start":{"line":46,"column":12},"end":{"line":51,"column":13}},"25":{"start":{"line":47,"column":16},"end":{"line":49,"column":19}},"26":{"start":{"line":48,"column":20},"end":{"line":48,"column":45}},"27":{"start":{"line":50,"column":16},"end":{"line":50,"column":41}},"28":{"start":{"line":54,"column":12},"end":{"line":59,"column":13}},"29":{"start":{"line":55,"column":16},"end":{"line":55,"column":49}},"30":{"start":{"line":57,"column":17},"end":{"line":59,"column":13}},"31":{"start":{"line":58,"column":16},"end":{"line":58,"column":41}},"32":{"start":{"line":63,"column":8},"end":{"line":67,"column":11}},"33":{"start":{"line":64,"column":12},"end":{"line":66,"column":13}},"34":{"start":{"line":65,"column":16},"end":{"line":65,"column":60}},"35":{"start":{"line":76,"column":0},"end":{"line":78,"column":2}},"36":{"start":{"line":77,"column":4},"end":{"line":77,"column":105}},"37":{"start":{"line":93,"column":0},"end":{"line":170,"column":2}},"38":{"start":{"line":94,"column":4},"end":{"line":94,"column":22}},"39":{"start":{"line":95,"column":4},"end":{"line":95,"column":29}},"40":{"start":{"line":99,"column":4},"end":{"line":101,"column":5}},"41":{"start":{"line":100,"column":8},"end":{"line":100,"column":56}},"42":{"start":{"line":102,"column":4},"end":{"line":106,"column":6}},"43":{"start":{"line":107,"column":4},"end":{"line":107,"column":37}},"44":{"start":{"line":113,"column":4},"end":{"line":117,"column":5}},"45":{"start":{"line":114,"column":8},"end":{"line":114,"column":77}},"46":{"start":{"line":115,"column":8},"end":{"line":115,"column":93}},"47":{"start":{"line":116,"column":8},"end":{"line":116,"column":28}},"48":{"start":{"line":120,"column":4},"end":{"line":166,"column":7}},"49":{"start":{"line":121,"column":8},"end":{"line":121,"column":17}},"50":{"start":{"line":122,"column":8},"end":{"line":130,"column":9}},"51":{"start":{"line":123,"column":12},"end":{"line":127,"column":13}},"52":{"start":{"line":124,"column":16},"end":{"line":124,"column":27}},"53":{"start":{"line":126,"column":16},"end":{"line":126,"column":54}},"54":{"start":{"line":129,"column":12},"end":{"line":129,"column":80}},"55":{"start":{"line":133,"column":8},"end":{"line":133,"column":25}},"56":{"start":{"line":134,"column":8},"end":{"line":146,"column":9}},"57":{"start":{"line":135,"column":12},"end":{"line":135,"column":23}},"58":{"start":{"line":137,"column":12},"end":{"line":145,"column":13}},"59":{"start":{"line":138,"column":16},"end":{"line":138,"column":51}},"60":{"start":{"line":139,"column":16},"end":{"line":139,"column":88}},"61":{"start":{"line":140,"column":16},"end":{"line":140,"column":47}},"62":{"start":{"line":141,"column":16},"end":{"line":141,"column":56}},"63":{"start":{"line":143,"column":16},"end":{"line":143,"column":40}},"64":{"start":{"line":144,"column":16},"end":{"line":144,"column":74}},"65":{"start":{"line":149,"column":8},"end":{"line":149,"column":34}},"66":{"start":{"line":152,"column":8},"end":{"line":157,"column":11}},"67":{"start":{"line":160,"column":8},"end":{"line":164,"column":9}},"68":{"start":{"line":161,"column":12},"end":{"line":161,"column":35}},"69":{"start":{"line":163,"column":12},"end":{"line":163,"column":35}},"70":{"start":{"line":169,"column":4},"end":{"line":169,"column":46}},"71":{"start":{"line":172,"column":0},"end":{"line":172,"column":24}}},"branchMap":{"1":{"line":14,"type":"if","locations":[{"start":{"line":14,"column":4},"end":{"line":14,"column":4}},{"start":{"line":14,"column":4},"end":{"line":14,"column":4}}]},"2":{"line":14,"type":"binary-expr","locations":[{"start":{"line":14,"column":8},"end":{"line":14,"column":12}},{"start":{"line":14,"column":16},"end":{"line":14,"column":20}}]},"3":{"line":15,"type":"if","locations":[{"start":{"line":15,"column":8},"end":{"line":15,"column":8}},{"start":{"line":15,"column":8},"end":{"line":15,"column":8}}]},"4":{"line":15,"type":"binary-expr","locations":[{"start":{"line":15,"column":12},"end":{"line":15,"column":42}},{"start":{"line":15,"column":46},"end":{"line":15,"column":75}}]},"5":{"line":31,"type":"binary-expr","locations":[{"start":{"line":31,"column":16},"end":{"line":31,"column":20}},{"start":{"line":31,"column":24},"end":{"line":31,"column":35}}]},"6":{"line":32,"type":"binary-expr","locations":[{"start":{"line":32,"column":22},"end":{"line":32,"column":33}},{"start":{"line":32,"column":37},"end":{"line":32,"column":54}}]},"7":{"line":33,"type":"binary-expr","locations":[{"start":{"line":33,"column":19},"end":{"line":33,"column":26}},{"start":{"line":33,"column":30},"end":{"line":33,"column":35}}]},"8":{"line":38,"type":"if","locations":[{"start":{"line":38,"column":4},"
[...]
","        exp: (Math.floor(new Date() / 1000) + (ttl || 3600)),","        version: taskRouterVersion,","        friendly_name: this.channelId,","        policies: this.policies,","    };","    _.extend(payload, extraAttributes);","    return jwt.sign(payload, this.authToken);","}","","module.exports = TaskRouterCapability;",""],"l":{"1":1,"2":1,"3":1,"4":1,"6":1,"7":1,"8":1,"10":1,"11":0,"12":0,"13":0,"15":0,"16":0,"18":0,"20":0,"22":0,"24":0,"27":0,"28":0,"31":0,"34":1,"35":0,"36":0,"37":0,"38":0,"40":0,"41":0,"43":0,"44":0,"46":0,"47":0,"49":0,"50":0,"54":1,"55":0,"56":0,"58":0,"59":0,"61":0,"62":0,"64":0,"65":0,"66":0,"70":1,"71":0,"74":1,"75":0,"78":1,"79":0,"82":1,"83":0,"86":1,"87":0,"90":1,"91":0,"94":1,"95":0,"96":0,"97":0,"99":0,"103":1,"104":0,"105":0,"106":0,"108":0,"112":1,"113":0,"114":0,"115":0,"117":0,"121":1,"122":0,"127":0,"128":0,"130":0,"133":0,"134":0,"136":0,"139":0,"140":0,"142":0,"144":0,"147":1,"148":0,"151":1,"152":0,"155":1,"156":0,"162":0,"163":0,"164":0,"165":0,"168":0,"171":1,"172":0,"179":0,"180":0,"183":1}},"/home/travis/build/npmtest/node-npmtest-twilio/node_modules/twilio/lib/TaskRouterWorkerCapability.js":{"path":"/home/travis/build/npmtest/node-npmtest-twilio/node_modules/twilio/lib/TaskRouterWorkerCapability.js","s":{"1":1,"2":1,"3":1,"4":0,"5":0,"6":0,"7":0,"8":0,"9":0,"10":0,"11":1,"12":1,"13":0,"14":1,"15":0,"16":1,"17":0,"18":0,"19":1},"b":{},"f":{"1":0,"2":0,"3":0,"4":0},"fnMap":{"1":{"name":"TaskRouterWorkerCapability","line":4,"loc":{"start":{"line":4,"column":0},"end":{"line":4,"column":84}}},"2":{"name":"(anonymous_2)","line":18,"loc":{"start":{"line":18,"column":54},"end":{"line":18,"column":65}}},"3":{"name":"(anonymous_3)","line":22,"loc":{"start":{"line":22,"column":60},"end":{"line":22,"column":71}}},"4":{"name":"(anonymous_4)","line":30,"loc":{"start":{"line":30,"column":63},"end":{"line":30,"column":74}}}},"statementMap":{"1":{"start":{"line":1,"column":0},"end":{"line":1,"column":40}},"2":{"start":{"line":2,"column":0},"end":{"line":2,"column":61}},"3":{"start":{"line":4,"column":0},"end":{"line":15,"column":1}},"4":{"start":{"line":5,"column":4},"end":{"line":5,"column":84}},"5":{"start":{"line":7,"column":4},"end":{"line":7,"column":55}},"6":{"start":{"line":8,"column":4},"end":{"line":8,"column":53}},"7":{"start":{"line":9,"column":4},"end":{"line":9,"column":72}},"8":{"start":{"line":12,"column":4},"end":{"line":12,"column":40}},"9":{"start":{"line":13,"column":4},"end":{"line":13,"column":44}},"10":{"start":{"line":14,"column":4},"end":{"line":14,"column":50}},"11":{"start":{"line":16,"column":0},"end":{"line":16,"column":59}},"12":{"start":{"line":18,"column":0},"end":{"line":20,"column":1}},"13":{"start":{"line":19,"column":4},"end":{"line":19,"column":69}},"14":{"start":{"line":22,"column":0},"end":{"line":28,"column":1}},"15":{"start":{"line":23,"column":4},"end":{"line":27,"column":45}},"16":{"start":{"line":30,"column":0},"end":{"line":41,"column":1}},"17":{"start":{"line":31,"column":4},"end":{"line":35,"column":12}},"18":{"start":{"line":36,"column":4},"end":{"line":40,"column":12}},"19":{"start":{"line":43,"column":0},"end":{"line":43,"column":44}}},"branchMap":{},"code":["var inherits = require('util').inherits;","var TaskRouterCapability = require('./TaskRouterCapability');","","function TaskRouterWorkerCapability(accountSid, authToken, workspaceSid, workerSid) {","    TaskRouterCapability.call(this, accountSid, authToken, workspaceSid, workerSid);","","    this.reservationsUrl = this._baseUrl + \"/Tasks/**\";","    this.activityUrl = this._baseUrl + \"/Activities\";","    this.workerReservationsUrl = this._resourceUrl + \"/Reservations/**\";","","    // add permissions fo fetch the list of activities, tasks and worker reservations","    this.allow(this.activityUrl, \"GET\");","    this.allow(this.reservationsUrl, \"GET\");","    this.allow(this.workerReservationsUrl, \"GET\");","}","inherits(TaskRouterWorkerCapability, TaskRouterCapability);","","TaskRouterWorkerCapability.prototype._setupResource = function() {","    this._resourceUrl = this._baseUrl + '/Workers/' + this.channelId;","}","","TaskRouterWorkerCapability.prototype.allowActivityUpdates = function() {","    this.allow(","        this._resourceUrl, ","        \"POST\",","        {},","        {\"ActivitySid\": {'required': true}});","}","","TaskRouterWorkerCapability.prototype.allowReservationUpdates = function() {","    this.allow(","        this.reservationsUrl, ","        \"POST\",","        {},","        {});","    this.allow(","        this.workerReservationsUrl, ","        \"POST\",","        {},","        {});","}","","module.exports = TaskRouterWorkerCapability;",""],"l":{"1":1,"2":1,"4":1,"5":0,"7":0,"8":0,"9":0,"12":0,"13":0,"14":0,"16":1,"18":1,"19":0,"22":1,"23":0,"30":1,"31":0,"36":0,"43":1}},"/home/travis/build/npmtest/node-npmtest-twilio/node_modules/twilio/lib/TaskRouterWorkspaceCapability.js":{"path":"/home/travis/build/npmtest/node-npmtest-twilio/node_modules/twilio/lib/TaskRouterWorkspaceCapability.js","s":{"1":1,"2":1,"3":1,"4":0,"5":1,"6":1,"7":0,"8":1},"b":{},"f":{"1":0,"2":0},"fnMap":{"1":{"name":"TaskRouterWorkspaceCapability","line":4,"loc":{"start":{"line":4,"column":0},"end":{"line":4,"column":76}}},"2":{"name":"(anonymous_2)","line":9,"loc":{"start":{"line":9,"column":57},"end":{"line":9,"column":68}}}},"statementMap":{"1":{"start":{"line":1,"column":0},"end":{"line":1,"column":40}},"2":{"start":{"line":2,"column":0},"end":{"line":2,"column":61}},"3":{"start":{"line":4,"column":0},"end":{"line":6,"column":1}},"4":{"start":{"line":5,"column":4},"end":{"line":5,"column":87}},"5":{"start":{"line":7,"column":0},"end":{"line":7,"column":62}},"6":{"start":{"line":9,"column":0},"end":{"line":11,"column":1}},"7":{"start":{"line":10,"column":4},"end":{"line":10,"column":38}},"8":{"start":{"line":13,"column":0},"end":{"line":13,"column":47}}},"branchMap":{},"code":["var inherits = require('util').inherits;","var TaskRouterCapability = require('./TaskRouterCapability');","","function TaskRouterWorkspaceCapability(accountSid, authToken, workspaceSid) {","    TaskRouterCapability.call(this, accountSid, authToken, workspaceSid, workspaceSid);","}","inherits(TaskRouterWorkspaceCapability, TaskRouterCapability);","","TaskRouterWorkspaceCapability.prototype._setupResource = function() {","    this._resourceUrl = this._baseUrl;","}","","module.exports = TaskRouterWorkspaceCapability;",""],"l":{"1":1,"2":1,"4":1,"5":0,"7":1,"9":1,"10":0,"13":1}},"/home/travis/build/npmtest/node-npmtest-twilio/node_modules/twilio/lib/TaskRouterTaskQueueCapability.js":{"path":"/home/travis/build/npmtest/node-npmtest-twilio/node_modules/twilio/lib/TaskRouterTaskQueueCapability.js","s":{"1":1,"2":1,"3":1,"4":0,"5":1,"6":1,"7":0,"8":1},"b":{},"f":{"1":0,"2":0},"fnMap":{"1":{"name":"TaskRouterTaskQueueCapability","line":4,"loc":{"start":{"line":4,"column":0},"end":{"line":4,"column":90}}},"2":{"name":"(anonymous_2)","line":9,"loc":{"start":{"line":9,"column":57},"end":{"line":9,"column":68}}}},"statementMap":{"1":{"start":{"line":1,"column":0},"end":{"line":1,"column":40}},"2":{"start":{"line":2,"column":0},"end":{"line":2,"column":61}},"3":{"start":{"line":4,"column":0},"end":{"line":6,"column":1}},"4":{"start":{"line":5,"column":4},"end":{"line":5,"column":87}},"5":{"start":{"line":7,"column":0},"end":{"line":7,"column":62}},"6":{"start":{"line":9,"column":0},"end":{"line":11,"column":1}},"7":{"start":{"line":10,"column":4},"end":{"line":10,"column":72}},"8":{"start":{"line":13,"column":0},"end":{"line":13,"column":47}}},"branchMap":{},"code":["var inherits = require('util').inherits;","var TaskRouterCapability = require('./TaskRouterCapability');","","function TaskRouterTaskQueueCapability(accountSid, authToken, workspaceSid, taskQueueSid) {","    TaskRouterCapability.call(this, accountSid, authToken, workspaceSid, taskQueueSid);","}","inherits(TaskRouterTaskQueueCapability, TaskRouterCapability);","","TaskRouterTaskQueueCapability.prototype._setupResource = function() {","    this._resourceUrl = this._baseUrl + '/TaskQueues/' + this.channelId;","}","","module.exports = TaskRouterTaskQueueCapability;",""],"l":{"1":1,"2":1,"4":1,"5":0,"7":1,"9":1,"10":0,"13":1}},"/home/travis/build/npmtest/node-npmtest-twilio/node_modules/twilio/lib/TwimlResponse.js":{"path":"/home/travis/build/npmtest/node-npmtest-twilio/node_modules/twilio/lib/TwimlResponse.js","s":{"1":1,"2":1,"3":0,"4":1,"5":0,"6":0,"7":0,"8":0,"9":0,"10":0,"11":0,"12":0,"13":0,"14":0,"15":0,"16":0,"17":0,"18":0,"19":0,"20":0,"21":0,"22":0,"23":0,"24":0,"25":0,"26":0,"27":0,"28":0,"29":0,"30":0,"31":1,"32":0,"33":0,"34":0,"35":0,"36":0,"37":1,"38":0,"39":0,"40":0,"41":0,"42":0,"43":0,"44":0,"45":0,"46":0,"47":0,"48":0,"49":0,"50":0,"51":1,"52":0},"b":{"1":[0,0],"2":[0,0],"3":[0,0,0,0,0],"4":[0,0],"5":[0,0,0],"6":[0,0],"7":[0,0]},"f":{"1":0,"2":0,"3":0,"4":0,"5":0,"6":0,"7":0,"8":0},"fnMap":{"1":{"name":"esc","line":4,"loc":{"start":{"line":4,"column":0},"end":{"line":4,"column":18}}},"2":{"name":"addTwimlFunction","line":13,"loc":{"start":{"line":13,"column":0},"end":{"line":13,"column":43}}},"3":{"name":"(anonymous_3)","line":15,"loc":{"start":{"line":15,"column":67},"end":{"line":15,"column":78}}},"4":{"name":"(anonymous_4)","line":49,"loc":{"start":{"line":49,"column":31},"end":{"line":49,"column":55}}},"5":{"name":"Node","line":73,"loc":{"start":{"line":73,"column":0},"end":{"line":73,"column":22}}},"6":{"name":"(anonymous_6)","line":79,"loc":{"start":{"line":79,"column":28},"end":{"line":79,"column":42}}},"7":{"name":"(anonymous_7)","line":85,"loc":{"start":{"line":85,"column":26},"end":{"line":85,"column":37}}},"8":{"name":"(anonymous_8)","line":119,"loc":{"start":{"line":119,"column":17},"end":{"line":119,"column":28}}}},"statementMap":{"1":{"start":{"line":1,"column":0},"end":{"line":1,"column":30}},"2":{"start":{"line":4,"column":0},"end":{"line":10,"column":1}},"3":{"start":{"line":5,"column":4},"end":{"line":9,"column":31}},"4":{"start":{"line":13,"column":0},"end":{"line":61,"column":1}},"5":{"start":{"line":15,"column":4},"end":{"line":60,"column":6}},"6":{"start":{"line":16,"column":8},"end":{"line":16,"column":55}},"7":{"start":{"line":19,"column":8},"end":{"line":28,"column":9}},"8":{"start":{"line":20,"column":12},"end":{"line":20,"column":35}},"9":{"start":{"line":21,"column":12},"end":{"line":27,"column":13}},"10":{"start":{"line":22,"column":16},"end":{"line":22,"column":27}},"11":{"start":{"line":23,"column":19},"end":{"line":27,"column":13}},"12":{"start":{"line":24,"column":16},"end":{"line":24,"column":30}},"13":{"start":{"line":26,"column":16},"end":{"line":26,"column":33}},"14":{"start":{"line":31,"column":8},"end":{"line":37,"column":9}},"15":{"start":{"line":32,"column":27},"end":{"line":32,"column":63}},"16":{"start":{"line":32,"column":64},"end":{"line":32,"column":70}},"17":{"start":{"line":33,"column":25},"end":{"line":33,"column":85}},"18":{"start":{"line":33,"column":86},"end":{"line":33,"column":92}},"19":{"start":{"line":34,"column":28},"end":{"line":34,"column":59}},"20":{"start":{"line":34,"column":60},"end":{"line":34,"column":66}},"21":{"start":{"line":35,"column":28},"end":{"line":35,"column":50}},"22":{"start":{"line":35,"column":51},"end":{"line":35,"column":57}},"23":{"start":{"line":36,"column":21},"end":{"line":36,"column":27}},"24":{"start":{"line":40,"column":8},"end":{"line":45,"column":11}},"25":{"start":{"line":48,"column":8},"end":{"line":53,"column":9}},"26":{"start":{"line":49,"column":12},"end":{"line":51,"column":15}},"27":{"start":{"line":50,"column":16},"end":{"line":50,"column":57}},"28":{"start":{"line":52,"column":12},"end":{"line":52,"column":43}},"29":{"start":{"line":56,"column":8},"end":{"line":56,"column":36}},"30":{"start":{"line":59,"column":8},"end":{"line":59,"column":20}},"31":{"start":{"line":73,"column":0},"end":{"line":82,"column":1}},"32":{"start":{"line":74,"column":4},"end":{"line":74,"column":26}},"33":{"start":{"line":75,"column":4},"end":{"line":75,"column":23}},"34":{"start":{"line":78,"column":4},"end":{"line":78,"column":20}},"35":{"start":{"line":79,"column":4},"end":{"line":81,"column":7}},"36":{"start":{"line":80,"column":8},"end":{"line":80,"column":35}},"37":{"start":{"line":85,"column":0},"end":{"line":116,"column":2}},"38":{"start":{"line":86,"column":4},"end":{"line":86,"column":20}},"39":{"start":{"line":87,"column":4},"end":{"line":89,"column":5}},"40":{"start":{"line":88,"column":8},"end":{"line":88,"column":62}},"41":{"start":{"line":92,"column":4},"end":{"line":92,"column":31}},"42":{"start":{"line":95,"column":4},"end":{"line":97,"column":5}},"43":{"start":{"line":96,"column":8},"end":{"line":96,"column":74}},"44":{"start":{"line":100,"column":4},"end":{"line":100,"column":21}},"45":{"start":{"line":103,"column":4},"end":{"line":110,"column":5}},"46":{"start":{"line":104,"column":8},"end":{"line":104,"column":36}},"47":{"start":{"line":107,"column":8},"end":{"line":109,"column":9}},"48":{"start":{"line":108,"column":12},"end":{"line":108,"column":42}},"49":{"start":{"line":113,"column":4},"end":{"line":113,"column":36}},"50":{"start":{"line":115,"column":4},"end":{"line":115,"column":27}},"51":{"start":{"line":119,"column":0},"end":{"line":125,"column":2}},"52":{"start":{"line":120,"column":4},"end":{"line":124,"column":7}}},"branchMap":{"1":{"line":21,"type":"if","locations":[{"start":{"line":21,"column":12},"end":{"line":21,"column":12}},{"start":{"line":21,"column":12},"end":{"line":21,"column":12}}]},"2":{"line":23,"type":"if","locations":[{"start":{"line":23,"column":19},"end":{"line":23,"column":19}},{"start":{"line":23,"column":19},"end":{"line":23,"column":19}}]},"3":{"line":31,"type":"switch","locations":[{"start":{"line":32,"column":12},"end":{"line":32,"column":70}},{"start":{"line":33,"column":12},"end":{"line":33,"column":92}},{"start":{"line":34,"column":12},"end":{"line":34,"column":66}},{"start":{"line":35,"column":12},"end":{"line":35,"column":57}},{"start":{"line":36,"column":12},"end":{"line":36,"column":27}}]},"4":{"line":48,"type":"if","locations":[{"start":{"line":48,"column":8},"end":{"line":48,"column":8}},{"start":{"line":48,"column":8},"end":{"line":48,"column":8}}]},"5":{"line":48,"type":"binary-expr","locations":[{"start":{"line":48,"column":12},"end":{"line":48,"column":17}},{"start":{"line":48,"column":21},"end":{"line":48,"column":42}},{"start":{"line":48,"column":46},"end":{"line":48,"column":53}}]},"6":{"line":87,"type":"if","locations":[{"start":{"line":87,"column":4},"end":{"line":87,"column":4}},{"start":{"line":87,"column":4},"end":{"line":87,"column":4}}]},"7":{"line":103,"type":"if","locations":[{"start":{"line":103,"column":4},"end":{"line":103,"column":4}},{"start":{"line":103,"column":4},"end":{"line":103,"column":4}}]}},"code":["var _ = require('underscore');","","// Escape XML entites in a given string","function esc(str) {","    return String(str).replace(/&/g, '&amp;')","        .replace(/\\\"/g, '&quot;')","        .replace(/\\'/g, '&apos;')","        .replace(/</g, '&lt;')","        .replace(/>/g, '&gt;');","}","","//helper to generate a helper function which returns XML node for a given parent","function addTwimlFunction(node, twimlName) {","    //Generate a function on the parent node","    node[twimlName.charAt(0).toLowerCase() + twimlName.slice(1)] = function() {","        var text, attributes, builder, legalNodes = [];","","        //Get XML components from the caller","        for (var i = 0, l = arguments.length; i < l; i++) {","            var arg = arguments[i];","            if (typeof arg === 'string') {","                text = arg;","            } else if (typeof arg === 'function') {","                builder = arg;","            } else {","                attributes = arg;","            }","        }","","        //determine legal sub-nodes based on the node name","        switch(twimlName) {","            case 'Gather': legalNodes = ['Say','Play','Pause']; break;","            case 'Dial': legalNodes = ['Number','Client','Conference','Queue','Sip']; break;","            case 'Message': legalNodes = ['Media', 'Body']; break;","            case 'Enqueue': legalNodes = ['Task']; break;","            default: break;","        }","","        //create new node object","        var newNode = new Node({","            name:twimlName,","            attributes:attributes,","            text:text,","            legalNodes:legalNodes","        });","","        //create node's API for subnodes and call builder function, if need be","        if (!text && legalNodes.length > 0 && builder) {","            legalNodes.forEach(function(legalNodeName) {","                addTwimlFunction(newNode, legalNodeName);","            });","            builder.call(newNode, newNode);","        }","","        //Assemble the proper XML node and add to parent node","        node.children.push(newNode);","","        //return the node, to allow for chaining","        return node;","    };","}","","/**"," A TwiML response node - nestable with other TwiML nodes",""," @param {object} config - options for HTTP request"," - name {string}: name of this node"," - attributes {object}: key-value pairs for XML attributes for this node"," - text {string}: text content, if any, for this node"," - topLevel {boolean}: indicates a top level node which should also print an XML instruction"," - legalNodes {array<string>}: a list of child functions which should be allowable for this node"," */","function Node(config) {","    _.extend(this,config);","    this.children = [];","","    //create child adder functions based on legal nodes","    var that = this;","    this.legalNodes.forEach(function(val) {","        addTwimlFunction(that,val);","    });","}","","//Output the contents of this XML node as a string","Node.prototype.toString = function() {","    var buffer = [];","    if (this.topLevel) {","        buffer.push('<?xml version=\"1.0\" encoding=\"UTF-8\"?>');","    }","","    //Start node","    buffer.push('<'+this.name);","","    //handle attributes","    for (var attr in this.attributes) {","        buffer.push(' ' + attr + '=\"' + esc(this.attributes[attr]) + '\"');","    }","","    //Close start tag","    buffer.push('>');","","    //process contents of tag","    if (this.text) {","        buffer.push(esc(this.text));","    } else {","        //process child tags","        for (var i = 0, l = this.children.length; i < l; i++) {","            buffer.push(this.children[i]);","        }","    }","","    //close tag","    buffer.push('</'+this.name+'>');","","    return buffer.join('');","};","","//Public interface is a Response node with the initial set of TwiML child nodes available","module.exports = function() {","    return new Node({","        topLevel:true,","        name:'Response',","        legalNodes:['Say', 'Play', 'Gather', 'Record', 'Sms', 'Dial', 'Enqueue', 'Task', 'Leave', 'Hangup', 'Redirect', 'Reject', 'Pause', 'Message']","    });","};",""],"l":{"1":1,"4":1,"5":0,"13":1,"15":0,"16":0,"19":0,"20":0,"21":0,"22":0,"23":0,"24":0,"26":0,"31":0,"32":0,"33":0,"34":0,"35":0,"36":0,"40":0,"48":0,"49":0,"50":0,"52":0,"56":0,"59":0,"73":1,"74":0,"75":0,"78":0,"79":0,"80":0,"85":1,"86":0,"87":0,"88":0,"92":0,"95":0,"96":0,"100":0,"103":0,"104":0,"107":0,"108":0,"113":0,"115":0,"119":1,"120":0}},"/home/travis/build/npmtest/node-npmtest-twilio/node_modules/twilio/config.sample.js":{"path":"/home/travis/build/npmtest/node-npmtest-twilio/node_modules/twilio/config.sample.js","s":{"1":1},"b":{},"f":{},"fnMap":{},"statementMap":{"1":{"start":{"line":2,"column":0},"end":{"line":7,"column":2}}},"branchMap":{},"code":["//Configuration for running tests and examples against the Twilio API","module.exports = {","    accountSid:'ACXXX',","    authToken:'XXX',","    from:'+16512223333', //The Twilio number you've bought or configured","    to:'+16513334444' //The number you would like to send messages to for testing","};"],"l":{"2":1}}}